2024-06-12 11:32:15 [INFO] utils.logger_config: Will check None from 2023-06-13 11:32:15.461344 to 2024-06-12 11:32:15.461344
2024-06-12 11:32:15 [CRITICAL] utils.logger_config: An error occurred: 'NoneType' object has no attribute 'magic'
2024-06-12 11:32:15 [CRITICAL] utils.logger_config: An error occurred: 'NoneType' object has no attribute 'magic'
2024-06-12 11:33:19 [INFO] utils.logger_config: Start create new signal BreakoutSignal
2024-06-12 11:34:46 [INFO] utils.logger_config: Will check None from 2023-06-13 11:34:46.603737 to 2024-06-12 11:34:46.603737
2024-06-12 11:34:46 [INFO] utils.logger_config: Will check None from 2023-06-13 11:34:46.617823 to 2024-06-12 11:34:46.617823
2024-06-12 11:34:46 [INFO] utils.logger_config: Will check None from 2023-06-13 11:34:46.617823 to 2024-06-12 11:34:46.617823
2024-06-12 11:34:46 [INFO] utils.logger_config: Will check None from 2023-06-13 11:34:46.617823 to 2024-06-12 11:34:46.617823
2024-06-12 11:34:47 [INFO] utils.logger_config: Will check None from 2023-06-13 11:34:47.618704 to 2024-06-12 11:34:47.618704
2024-06-12 11:34:47 [INFO] utils.logger_config: Will check None from 2023-06-13 11:34:47.618704 to 2024-06-12 11:34:47.618704
2024-06-12 11:34:48 [INFO] utils.logger_config: Will check None from 2023-06-13 11:34:48.633422 to 2024-06-12 11:34:48.633422
2024-06-12 11:34:48 [INFO] utils.logger_config: Will check None from 2023-06-13 11:34:48.633422 to 2024-06-12 11:34:48.633422
2024-06-12 11:34:49 [INFO] utils.logger_config: Will check None from 2023-06-13 11:34:49.649051 to 2024-06-12 11:34:49.649051
2024-06-12 11:34:49 [INFO] utils.logger_config: Will check None from 2023-06-13 11:34:49.649051 to 2024-06-12 11:34:49.649051
2024-06-12 11:34:50 [INFO] utils.logger_config: Will check None from 2023-06-13 11:34:50.649652 to 2024-06-12 11:34:50.649652
2024-06-12 11:34:50 [INFO] utils.logger_config: Will check None from 2023-06-13 11:34:50.649652 to 2024-06-12 11:34:50.649652
2024-06-12 11:34:51 [INFO] utils.logger_config: Will check None from 2023-06-13 11:34:51.667625 to 2024-06-12 11:34:51.667625
2024-06-12 11:34:51 [INFO] utils.logger_config: Will check None from 2023-06-13 11:34:51.667625 to 2024-06-12 11:34:51.667625
2024-06-12 11:34:52 [INFO] utils.logger_config: Will check None from 2023-06-13 11:34:52.680456 to 2024-06-12 11:34:52.680456
2024-06-12 11:34:52 [INFO] utils.logger_config: Will check None from 2023-06-13 11:34:52.680456 to 2024-06-12 11:34:52.680456
2024-06-12 11:36:29 [INFO] utils.logger_config: Will check None from 2023-06-13 11:36:29.365466 to 2024-06-12 11:36:29.365466
2024-06-12 11:36:29 [INFO] utils.logger_config: Will check None from 2023-06-13 11:36:29.365466 to 2024-06-12 11:36:29.365466
2024-06-12 11:36:29 [INFO] utils.logger_config: Will check None from 2023-06-13 11:36:29.365466 to 2024-06-12 11:36:29.365466
2024-06-12 11:36:29 [INFO] utils.logger_config: Will check None from 2023-06-13 11:36:29.365466 to 2024-06-12 11:36:29.365466
2024-06-12 11:36:30 [INFO] utils.logger_config: Will check None from 2023-06-13 11:36:30.369010 to 2024-06-12 11:36:30.369010
2024-06-12 11:36:30 [INFO] utils.logger_config: Will check None from 2023-06-13 11:36:30.369010 to 2024-06-12 11:36:30.369010
2024-06-12 11:36:31 [INFO] utils.logger_config: Will check None from 2023-06-13 11:36:31.379590 to 2024-06-12 11:36:31.379590
2024-06-12 11:36:31 [INFO] utils.logger_config: Will check None from 2023-06-13 11:36:31.379590 to 2024-06-12 11:36:31.379590
2024-06-12 11:37:49 [INFO] utils.logger_config: magic=None |  symbol='EURUSD'
2024-06-12 11:37:49 [INFO] utils.logger_config: Will check None from 2023-06-13 11:37:49.224725 to 2024-06-12 11:37:49.224725
2024-06-12 11:37:49 [INFO] utils.logger_config: magic=None |  symbol='EURUSD'
2024-06-12 11:37:49 [INFO] utils.logger_config: Will check None from 2023-06-13 11:37:49.224725 to 2024-06-12 11:37:49.224725
2024-06-12 11:37:49 [INFO] utils.logger_config: magic=None |  symbol='EURUSD'
2024-06-12 11:37:49 [INFO] utils.logger_config: Will check None from 2023-06-13 11:37:49.224725 to 2024-06-12 11:37:49.224725
2024-06-12 11:37:49 [INFO] utils.logger_config: magic=None |  symbol='EURUSD'
2024-06-12 11:37:49 [INFO] utils.logger_config: Will check None from 2023-06-13 11:37:49.224725 to 2024-06-12 11:37:49.224725
2024-06-12 11:37:50 [INFO] utils.logger_config: magic=None |  symbol='EURUSD'
2024-06-12 11:37:50 [INFO] utils.logger_config: Will check None from 2023-06-13 11:37:50.224999 to 2024-06-12 11:37:50.224999
2024-06-12 11:37:50 [INFO] utils.logger_config: magic=None |  symbol='EURUSD'
2024-06-12 11:37:50 [INFO] utils.logger_config: Will check None from 2023-06-13 11:37:50.224999 to 2024-06-12 11:37:50.224999
2024-06-12 11:37:51 [INFO] utils.logger_config: magic=None |  symbol='EURUSD'
2024-06-12 11:37:51 [INFO] utils.logger_config: Will check None from 2023-06-13 11:37:51.229379 to 2024-06-12 11:37:51.229379
2024-06-12 11:37:51 [INFO] utils.logger_config: magic=None |  symbol='EURUSD'
2024-06-12 11:37:51 [INFO] utils.logger_config: Will check None from 2023-06-13 11:37:51.229379 to 2024-06-12 11:37:51.229379
2024-06-12 11:37:52 [INFO] utils.logger_config: magic=None |  symbol='EURUSD'
2024-06-12 11:37:52 [INFO] utils.logger_config: Will check None from 2023-06-13 11:37:52.233399 to 2024-06-12 11:37:52.233399
2024-06-12 11:37:52 [INFO] utils.logger_config: magic=None |  symbol='EURUSD'
2024-06-12 11:37:52 [INFO] utils.logger_config: Will check None from 2023-06-13 11:37:52.233399 to 2024-06-12 11:37:52.233399
2024-06-12 11:37:53 [INFO] utils.logger_config: magic=None |  symbol='EURUSD'
2024-06-12 11:37:53 [INFO] utils.logger_config: Will check None from 2023-06-13 11:37:53.237688 to 2024-06-12 11:37:53.237688
2024-06-12 11:37:53 [INFO] utils.logger_config: magic=None |  symbol='EURUSD'
2024-06-12 11:37:53 [INFO] utils.logger_config: Will check None from 2023-06-13 11:37:53.237688 to 2024-06-12 11:37:53.237688
2024-06-12 11:38:06 [INFO] utils.logger_config: magic='120502' |  symbol='EURUSD'
2024-06-12 11:38:06 [INFO] utils.logger_config: Will check 120502 from 2023-06-13 11:38:06.837811 to 2024-06-12 11:38:06.837811
2024-06-12 11:38:06 [INFO] utils.logger_config: magic='120502' |  symbol='EURUSD'
2024-06-12 11:38:06 [INFO] utils.logger_config: Will check 120502 from 2023-06-13 11:38:06.837811 to 2024-06-12 11:38:06.837811
2024-06-12 11:38:06 [INFO] utils.logger_config: magic='120502' |  symbol='EURUSD'
2024-06-12 11:38:06 [INFO] utils.logger_config: Will check 120502 from 2023-06-13 11:38:06.837811 to 2024-06-12 11:38:06.837811
2024-06-12 11:38:06 [INFO] utils.logger_config: magic='120502' |  symbol='EURUSD'
2024-06-12 11:38:06 [INFO] utils.logger_config: Will check 120502 from 2023-06-13 11:38:06.837811 to 2024-06-12 11:38:06.837811
2024-06-12 11:38:07 [INFO] utils.logger_config: magic='120502' |  symbol='EURUSD'
2024-06-12 11:38:07 [INFO] utils.logger_config: Will check 120502 from 2023-06-13 11:38:07.848344 to 2024-06-12 11:38:07.848344
2024-06-12 11:38:07 [INFO] utils.logger_config: magic='120502' |  symbol='EURUSD'
2024-06-12 11:38:07 [INFO] utils.logger_config: Will check 120502 from 2023-06-13 11:38:07.848344 to 2024-06-12 11:38:07.848344
2024-06-12 11:39:06 [INFO] utils.logger_config: magic='120502' |  symbol='EURUSD'
2024-06-12 11:39:06 [INFO] utils.logger_config: Will check 120502 from 2023-06-13 11:39:06.331639 to 2024-06-12 11:39:06.331639
2024-06-12 11:39:06 [INFO] utils.logger_config: magic='120502' |  symbol='EURUSD'
2024-06-12 11:39:06 [INFO] utils.logger_config: Will check 120502 from 2023-06-13 11:39:06.331639 to 2024-06-12 11:39:06.331639
2024-06-12 11:39:06 [INFO] utils.logger_config: magic='120502' |  symbol='EURUSD'
2024-06-12 11:39:06 [INFO] utils.logger_config: Will check 120502 from 2023-06-13 11:39:06.331639 to 2024-06-12 11:39:06.331639
2024-06-12 11:39:06 [INFO] utils.logger_config: magic='120502' |  symbol='EURUSD'
2024-06-12 11:39:06 [INFO] utils.logger_config: Will check 120502 from 2023-06-13 11:39:06.331639 to 2024-06-12 11:39:06.331639
2024-06-12 11:39:07 [INFO] utils.logger_config: magic='120502' |  symbol='EURUSD'
2024-06-12 11:39:07 [INFO] utils.logger_config: Will check 120502 from 2023-06-13 11:39:07.337644 to 2024-06-12 11:39:07.337644
2024-06-12 11:39:07 [INFO] utils.logger_config: magic='120502' |  symbol='EURUSD'
2024-06-12 11:39:07 [INFO] utils.logger_config: Will check 120502 from 2023-06-13 11:39:07.337644 to 2024-06-12 11:39:07.337644
2024-06-12 11:39:08 [INFO] utils.logger_config: magic='120502' |  symbol='EURUSD'
2024-06-12 11:39:08 [INFO] utils.logger_config: Will check 120502 from 2023-06-13 11:39:08.340944 to 2024-06-12 11:39:08.340944
2024-06-12 11:39:08 [INFO] utils.logger_config: magic='120502' |  symbol='EURUSD'
2024-06-12 11:39:08 [INFO] utils.logger_config: Will check 120502 from 2023-06-13 11:39:08.340944 to 2024-06-12 11:39:08.340944
2024-06-12 11:39:09 [INFO] utils.logger_config: magic='120502' |  symbol='EURUSD'
2024-06-12 11:39:09 [INFO] utils.logger_config: Will check 120502 from 2023-06-13 11:39:09.357027 to 2024-06-12 11:39:09.357027
2024-06-12 11:39:09 [INFO] utils.logger_config: magic='120502' |  symbol='EURUSD'
2024-06-12 11:39:09 [INFO] utils.logger_config: Will check 120502 from 2023-06-13 11:39:09.357027 to 2024-06-12 11:39:09.357027
2024-06-12 11:39:10 [INFO] utils.logger_config: magic='120502' |  symbol='EURUSD'
2024-06-12 11:39:10 [INFO] utils.logger_config: Will check 120502 from 2023-06-13 11:39:10.370473 to 2024-06-12 11:39:10.370473
2024-06-12 11:39:10 [INFO] utils.logger_config: magic='120502' |  symbol='EURUSD'
2024-06-12 11:39:10 [INFO] utils.logger_config: Will check 120502 from 2023-06-13 11:39:10.370473 to 2024-06-12 11:39:10.370473
2024-06-12 11:39:59 [INFO] utils.logger_config: magic='120502' |  symbol='EURUSD'
2024-06-12 11:39:59 [INFO] utils.logger_config: Will check 120502 from 2023-06-13 11:39:59.218000 to 2024-06-12 11:39:59.218000
2024-06-12 11:39:59 [INFO] utils.logger_config: magic='120502' |  symbol='EURUSD'
2024-06-12 11:39:59 [INFO] utils.logger_config: Will check 120502 from 2023-06-13 11:39:59.218000 to 2024-06-12 11:39:59.218000
2024-06-12 11:39:59 [INFO] utils.logger_config: magic='120502' |  symbol='EURUSD'
2024-06-12 11:39:59 [INFO] utils.logger_config: Will check 120502 from 2023-06-13 11:39:59.218000 to 2024-06-12 11:39:59.218000
2024-06-12 11:39:59 [INFO] utils.logger_config: magic='120502' |  symbol='EURUSD'
2024-06-12 11:39:59 [INFO] utils.logger_config: Will check 120502 from 2023-06-13 11:39:59.233638 to 2024-06-12 11:39:59.233638
2024-06-12 11:40:00 [INFO] utils.logger_config: magic='120502' |  symbol='EURUSD'
2024-06-12 11:40:00 [INFO] utils.logger_config: Will check 120502 from 2023-06-13 11:40:00.227742 to 2024-06-12 11:40:00.227742
2024-06-12 11:40:00 [INFO] utils.logger_config: magic='120502' |  symbol='EURUSD'
2024-06-12 11:40:00 [INFO] utils.logger_config: Will check 120502 from 2023-06-13 11:40:00.227742 to 2024-06-12 11:40:00.227742
2024-06-12 11:40:42 [INFO] utils.logger_config: magic='120502' |  symbol='EURUSD'
2024-06-12 11:40:42 [INFO] utils.logger_config: Will check 120502 from 2023-06-13 11:40:42.032544 to 2024-06-12 11:40:42.032544
2024-06-12 11:40:42 [INFO] utils.logger_config: magic='120502' |  symbol='EURUSD'
2024-06-12 11:40:42 [INFO] utils.logger_config: Will check 120502 from 2023-06-13 11:40:42.032544 to 2024-06-12 11:40:42.032544
2024-06-12 11:40:42 [INFO] utils.logger_config: magic='120502' |  symbol='EURUSD'
2024-06-12 11:40:42 [INFO] utils.logger_config: Will check 120502 from 2023-06-13 11:40:42.032544 to 2024-06-12 11:40:42.032544
2024-06-12 11:40:42 [INFO] utils.logger_config: magic='120502' |  symbol='EURUSD'
2024-06-12 11:40:42 [INFO] utils.logger_config: Will check 120502 from 2023-06-13 11:40:42.032544 to 2024-06-12 11:40:42.032544
2024-06-12 11:40:43 [INFO] utils.logger_config: magic='120502' |  symbol='EURUSD'
2024-06-12 11:40:43 [INFO] utils.logger_config: Will check 120502 from 2023-06-13 11:40:43.036353 to 2024-06-12 11:40:43.036353
2024-06-12 11:40:43 [INFO] utils.logger_config: magic='120502' |  symbol='EURUSD'
2024-06-12 11:40:43 [INFO] utils.logger_config: Will check 120502 from 2023-06-13 11:40:43.037765 to 2024-06-12 11:40:43.037765
2024-06-12 11:40:44 [INFO] utils.logger_config: magic='120502' |  symbol='EURUSD'
2024-06-12 11:40:44 [INFO] utils.logger_config: Will check 120502 from 2023-06-13 11:40:44.050014 to 2024-06-12 11:40:44.050014
2024-06-12 11:40:44 [INFO] utils.logger_config: magic='120502' |  symbol='EURUSD'
2024-06-12 11:40:44 [INFO] utils.logger_config: Will check 120502 from 2023-06-13 11:40:44.050014 to 2024-06-12 11:40:44.050014
2024-06-12 11:40:45 [INFO] utils.logger_config: magic='120502' |  symbol='EURUSD'
2024-06-12 11:40:45 [INFO] utils.logger_config: Will check 120502 from 2023-06-13 11:40:45.055471 to 2024-06-12 11:40:45.055471
2024-06-12 11:40:45 [INFO] utils.logger_config: magic='120502' |  symbol='EURUSD'
2024-06-12 11:40:45 [INFO] utils.logger_config: Will check 120502 from 2023-06-13 11:40:45.055471 to 2024-06-12 11:40:45.055471
2024-06-12 11:40:46 [INFO] utils.logger_config: magic='120502' |  symbol='EURUSD'
2024-06-12 11:40:46 [INFO] utils.logger_config: Will check 120502 from 2023-06-13 11:40:46.065689 to 2024-06-12 11:40:46.065689
2024-06-12 11:40:46 [INFO] utils.logger_config: magic='120502' |  symbol='EURUSD'
2024-06-12 11:40:46 [INFO] utils.logger_config: Will check 120502 from 2023-06-13 11:40:46.065689 to 2024-06-12 11:40:46.065689
2024-06-12 11:41:43 [INFO] utils.logger_config: magic='120502' |  symbol='EURUSD'
2024-06-12 11:41:43 [INFO] utils.logger_config: magic='120502' |  symbol='EURUSD'
2024-06-12 11:41:43 [INFO] utils.logger_config: magic='120502' |  symbol='EURUSD'
2024-06-12 11:41:43 [INFO] utils.logger_config: magic='120502' |  symbol='EURUSD'
2024-06-12 11:41:44 [INFO] utils.logger_config: magic='120502' |  symbol='EURUSD'
2024-06-12 11:41:44 [INFO] utils.logger_config: magic='120502' |  symbol='EURUSD'
2024-06-12 11:52:51 [INFO] utils.logger_config: Will check 120502 from 2023-06-13 11:52:51.601400 to 2024-06-12 11:52:51.601400
2024-06-12 11:52:51 [INFO] utils.logger_config: Will check 120502 from 2023-06-13 11:52:51.601400 to 2024-06-12 11:52:51.601400
2024-06-12 11:52:51 [INFO] utils.logger_config: Will check 120502 from 2023-06-13 11:52:51.601400 to 2024-06-12 11:52:51.601400
2024-06-12 11:52:51 [INFO] utils.logger_config: Will check 120502 from 2023-06-13 11:52:51.601400 to 2024-06-12 11:52:51.601400
2024-06-12 11:52:52 [INFO] utils.logger_config: Will check 120502 from 2023-06-13 11:52:52.610884 to 2024-06-12 11:52:52.610884
2024-06-12 11:52:52 [INFO] utils.logger_config: Will check 120502 from 2023-06-13 11:52:52.610884 to 2024-06-12 11:52:52.610884
2024-06-12 11:52:53 [INFO] utils.logger_config: Will check 120502 from 2023-06-13 11:52:53.623934 to 2024-06-12 11:52:53.623934
2024-06-12 11:52:53 [INFO] utils.logger_config: Will check 120502 from 2023-06-13 11:52:53.623934 to 2024-06-12 11:52:53.623934
2024-06-12 11:52:54 [INFO] utils.logger_config: Will check 120502 from 2023-06-13 11:52:54.638575 to 2024-06-12 11:52:54.638575
2024-06-12 11:52:54 [INFO] utils.logger_config: Will check 120502 from 2023-06-13 11:52:54.638575 to 2024-06-12 11:52:54.638575
2024-06-12 11:52:55 [INFO] utils.logger_config: Will check 120502 from 2023-06-13 11:52:55.652575 to 2024-06-12 11:52:55.652575
2024-06-12 11:52:55 [INFO] utils.logger_config: Will check 120502 from 2023-06-13 11:52:55.652575 to 2024-06-12 11:52:55.652575
2024-06-12 11:52:56 [INFO] utils.logger_config: Will check 120502 from 2023-06-13 11:52:56.657888 to 2024-06-12 11:52:56.657888
2024-06-12 11:52:56 [INFO] utils.logger_config: Will check 120502 from 2023-06-13 11:52:56.657888 to 2024-06-12 11:52:56.657888
2024-06-12 11:52:57 [INFO] utils.logger_config: Will check 120502 from 2023-06-13 11:52:57.667148 to 2024-06-12 11:52:57.667148
2024-06-12 11:52:57 [INFO] utils.logger_config: Will check 120502 from 2023-06-13 11:52:57.667148 to 2024-06-12 11:52:57.667148
2024-06-12 11:53:14 [INFO] utils.logger_config: Will check 120502 from 2023-06-13 11:53:14.467152 to 2024-06-12 11:53:14.467152
2024-06-12 11:53:14 [INFO] utils.logger_config: Will check 120502 from 2023-06-13 11:53:14.467152 to 2024-06-12 11:53:14.467152
2024-06-12 11:53:14 [INFO] utils.logger_config: Will check 120502 from 2023-06-13 11:53:14.482777 to 2024-06-12 11:53:14.482777
2024-06-12 11:53:14 [INFO] utils.logger_config: Will check 120502 from 2023-06-13 11:53:14.482777 to 2024-06-12 11:53:14.482777
2024-06-12 11:53:15 [INFO] utils.logger_config: Will check 120502 from 2023-06-13 11:53:15.491491 to 2024-06-12 11:53:15.491491
2024-06-12 11:53:15 [INFO] utils.logger_config: Will check 120502 from 2023-06-13 11:53:15.491491 to 2024-06-12 11:53:15.491491
2024-06-12 11:54:17 [INFO] utils.logger_config: Will check 120502 from 2023-06-13 11:54:17.989847 to 2024-06-12 11:54:17.989847
2024-06-12 11:55:50 [INFO] utils.logger_config: Will check 120502 from 2023-06-13 11:55:50.406170 to 2024-06-12 11:55:50.406170
2024-06-12 11:55:50 [INFO] utils.logger_config: Not found order with this magic
2024-06-12 11:55:50 [INFO] utils.logger_config: Start create new signal BreakoutSignal
2024-06-12 11:57:08 [INFO] utils.logger_config: Will check 120502 from 2023-06-13 11:57:08.696996 to 2024-06-12 11:57:08.696996
2024-06-12 11:59:17 [CRITICAL] utils.logger_config: An error occurred: 'NoneType' object is not iterable
2024-06-12 11:59:17 [CRITICAL] utils.logger_config: An error occurred: 'NoneType' object is not iterable
2024-06-12 11:59:18 [CRITICAL] utils.logger_config: An error occurred: 'NoneType' object is not iterable
2024-06-12 11:59:19 [CRITICAL] utils.logger_config: An error occurred: 'NoneType' object is not iterable
2024-06-12 12:00:15 [CRITICAL] utils.logger_config: An error occurred: 'NoneType' object is not iterable
2024-06-12 12:00:15 [CRITICAL] utils.logger_config: An error occurred: 'NoneType' object is not iterable
2024-06-12 12:00:16 [CRITICAL] utils.logger_config: An error occurred: 'NoneType' object is not iterable
2024-06-12 12:00:17 [CRITICAL] utils.logger_config: An error occurred: 'NoneType' object is not iterable
2024-06-12 12:00:18 [CRITICAL] utils.logger_config: An error occurred: 'NoneType' object is not iterable
2024-06-12 12:01:14 [CRITICAL] utils.logger_config: Signal SeasonalSignal was not created.
2024-06-12 12:01:14 [CRITICAL] utils.logger_config: An error occurred: Symbol: AUD/USD not found in Broker symbols. Check symbol field in csv file
2024-06-12 12:01:14 [CRITICAL] utils.logger_config: Signal SeasonalSignal was not created.
2024-06-12 12:01:14 [CRITICAL] utils.logger_config: An error occurred: Symbol: AUD/USD not found in Broker symbols. Check symbol field in csv file
2024-06-12 12:01:15 [CRITICAL] utils.logger_config: Signal SeasonalSignal was not created.
2024-06-12 12:01:15 [CRITICAL] utils.logger_config: An error occurred: Symbol: AUD/USD not found in Broker symbols. Check symbol field in csv file
2024-06-12 12:01:16 [CRITICAL] utils.logger_config: Signal SeasonalSignal was not created.
2024-06-12 12:01:16 [CRITICAL] utils.logger_config: An error occurred: Symbol: AUD/USD not found in Broker symbols. Check symbol field in csv file
2024-06-12 12:01:17 [CRITICAL] utils.logger_config: Signal SeasonalSignal was not created.
2024-06-12 12:01:17 [CRITICAL] utils.logger_config: An error occurred: Symbol: AUD/USD not found in Broker symbols. Check symbol field in csv file
2024-06-12 12:02:24 [INFO] utils.logger_config: Will check 160502 from 2023-06-13 12:02:24.677746 to 2024-06-12 12:02:24.677746
2024-06-12 12:02:24 [INFO] utils.logger_config: Not found order with this magic
2024-06-12 12:02:24 [INFO] utils.logger_config: Start create new signal SeasonalSignal
2024-06-12 12:02:24 [INFO] utils.logger_config: Signal SeasonalSignal was succsessfuly created
2024-06-12 12:02:24 [INFO] utils.logger_config: SeasonalSignal time: 2024-06-12 12:00:00
2024-06-12 12:02:24 [INFO] utils.logger_config: SeasonalSignal end time: 2024-06-12 12:05:00
2024-06-12 12:02:27 [INFO] utils.logger_config: Order was successfully send with ticket 1176257694. Order params:
 {'action': 1, 'symbol': 'AUDUSD', 'volume': 0.62, 'type': 1, 'price': 0.66116, 'deviation': 50, 'sl': 0.67696, 'magic': 160502, 'comment': 'python script open', 'type_time': 0, 'type_filling': 0}
2024-06-12 12:02:59 [INFO] utils.logger_config: Will check 160502 from 2023-06-13 12:02:59.145606 to 2024-06-12 12:02:59.145606
2024-06-12 12:02:59 [INFO] utils.logger_config: Not found order with this magic
2024-06-12 12:02:59 [INFO] utils.logger_config: Start create new signal SeasonalSignal
2024-06-12 12:02:59 [INFO] utils.logger_config: Signal SeasonalSignal was succsessfuly created
2024-06-12 12:02:59 [INFO] utils.logger_config: SeasonalSignal time: 2024-06-12 12:00:00
2024-06-12 12:02:59 [INFO] utils.logger_config: SeasonalSignal end time: 2024-06-12 12:05:00
2024-06-12 12:03:01 [INFO] utils.logger_config: Order was successfully send with ticket 1176257731. Order params:
 {'action': 1, 'symbol': 'AUDUSD', 'volume': 0.62, 'type': 1, 'price': 0.66118, 'deviation': 50, 'sl': 0.67698, 'magic': 160502, 'comment': 'python script open', 'type_time': 0, 'type_filling': 0}
2024-06-12 12:03:28 [INFO] utils.logger_config: Will check 160502 from 2023-06-13 12:03:28.932426 to 2024-06-12 12:03:28.932426
2024-06-12 12:03:28 [INFO] utils.logger_config: Not found order with this magic
2024-06-12 12:03:28 [INFO] utils.logger_config: Start create new signal SeasonalSignal
2024-06-12 12:03:28 [INFO] utils.logger_config: Signal SeasonalSignal was succsessfuly created
2024-06-12 12:03:28 [INFO] utils.logger_config: SeasonalSignal time: 2024-06-12 12:00:00
2024-06-12 12:03:28 [INFO] utils.logger_config: SeasonalSignal end time: 2024-06-12 12:05:00
2024-06-12 12:06:16 [INFO] utils.logger_config: Will check 160502 from 2023-06-13 12:06:16.892316 to 2024-06-12 12:06:16.892316
2024-06-12 12:06:16 [INFO] utils.logger_config: Not found order with this magic
2024-06-12 12:06:16 [INFO] utils.logger_config: Start create new signal SeasonalSignal
2024-06-12 12:06:16 [INFO] utils.logger_config: Signal SeasonalSignal was succsessfuly created
2024-06-12 12:06:16 [INFO] utils.logger_config: SeasonalSignal time: 2024-06-12 12:00:00
2024-06-12 12:06:16 [INFO] utils.logger_config: SeasonalSignal end time: 2024-06-12 12:05:00
2024-06-12 12:10:28 [INFO] utils.logger_config: Will check 160502 from 2024-06-11 12:10:28.181698 to 2024-06-12 12:10:28.181698
2024-06-12 12:10:28 [INFO] utils.logger_config: Not found order with this magic
2024-06-12 12:10:28 [INFO] utils.logger_config: Start create new signal SeasonalSignal
2024-06-12 12:10:28 [INFO] utils.logger_config: Signal SeasonalSignal was succsessfuly created
2024-06-12 12:10:28 [INFO] utils.logger_config: SeasonalSignal time: 2024-06-12 12:00:00
2024-06-12 12:10:28 [INFO] utils.logger_config: SeasonalSignal end time: 2024-06-12 12:05:00
2024-06-12 12:13:00 [INFO] utils.logger_config: Will check 160502 from 2024-06-11 12:13:00.219382 to 2024-06-12 12:13:00.219382
2024-06-12 12:13:00 [INFO] utils.logger_config: Not found order with this magic
2024-06-12 12:13:00 [INFO] utils.logger_config: Start create new signal SeasonalSignal
2024-06-12 12:13:00 [INFO] utils.logger_config: Signal SeasonalSignal was succsessfuly created
2024-06-12 12:13:00 [INFO] utils.logger_config: SeasonalSignal time: 2024-06-12 12:00:00
2024-06-12 12:13:00 [INFO] utils.logger_config: SeasonalSignal end time: 2024-06-12 12:05:00
2024-06-12 12:13:02 [INFO] utils.logger_config: Order was successfully send with ticket 1176258023. Order params:
 {'action': 1, 'symbol': 'AUDUSD', 'volume': 0.62, 'type': 1, 'price': 0.66131, 'deviation': 50, 'sl': 0.67712, 'magic': 160502, 'comment': 'python script open', 'type_time': 0, 'type_filling': 0}
2024-06-12 12:13:03 [INFO] utils.logger_config: Order with ticket: 1176258023 was successfully closed
2024-06-12 12:13:25 [INFO] utils.logger_config: Will check 160502 from 2024-06-11 12:13:25.264953 to 2024-06-12 12:13:25.264953
2024-06-12 12:13:25 [INFO] utils.logger_config: Not found order with this magic
2024-06-12 12:13:25 [INFO] utils.logger_config: Start create new signal SeasonalSignal
2024-06-12 12:13:25 [INFO] utils.logger_config: Signal SeasonalSignal was succsessfuly created
2024-06-12 12:13:25 [INFO] utils.logger_config: SeasonalSignal time: 2024-06-12 12:00:00
2024-06-12 12:13:25 [INFO] utils.logger_config: SeasonalSignal end time: 2024-06-12 12:05:00
2024-06-12 12:13:27 [INFO] utils.logger_config: Order was successfully send with ticket 1176258025. Order params:
 {'action': 1, 'symbol': 'AUDUSD', 'volume': 0.62, 'type': 1, 'price': 0.66131, 'deviation': 50, 'sl': 0.67712, 'magic': 160502, 'comment': 'python script open', 'type_time': 0, 'type_filling': 0}
2024-06-12 12:13:28 [INFO] utils.logger_config: Order with ticket: 1176258025 was successfully closed
2024-06-12 12:13:51 [INFO] utils.logger_config: Will check 160502 from 2024-06-11 12:13:51.133483 to 2024-06-12 12:13:51.133483
2024-06-12 12:13:51 [INFO] utils.logger_config: Not found order with this magic
2024-06-12 12:13:51 [INFO] utils.logger_config: Start create new signal SeasonalSignal
2024-06-12 12:13:51 [INFO] utils.logger_config: Signal SeasonalSignal was succsessfuly created
2024-06-12 12:13:51 [INFO] utils.logger_config: SeasonalSignal time: 2024-06-12 12:10:00
2024-06-12 12:13:51 [INFO] utils.logger_config: SeasonalSignal end time: 2024-06-12 12:50:00
2024-06-12 12:13:53 [INFO] utils.logger_config: Order was successfully send with ticket 1176258028. Order params:
 {'action': 1, 'symbol': 'AUDUSD', 'volume': 0.62, 'type': 1, 'price': 0.66127, 'deviation': 50, 'sl': 0.67707, 'magic': 160502, 'comment': 'python script open', 'type_time': 0, 'type_filling': 0}
2024-06-12 12:15:04 [INFO] utils.logger_config: Will check 160502 from 2024-06-11 12:15:04.936602 to 2024-06-12 12:15:04.936602
2024-06-12 12:15:04 [INFO] utils.logger_config: Not found order with this magic
2024-06-12 12:15:04 [INFO] utils.logger_config: Start create new signal SeasonalSignal
2024-06-12 12:15:04 [INFO] utils.logger_config: Signal SeasonalSignal was succsessfuly created
2024-06-12 12:15:04 [INFO] utils.logger_config: SeasonalSignal time: 2024-06-12 12:10:00
2024-06-12 12:15:04 [INFO] utils.logger_config: SeasonalSignal end time: 2024-06-12 12:50:00
2024-06-12 12:15:07 [INFO] utils.logger_config: Order was successfully send with ticket 1176258058. Order params:
 {'action': 1, 'symbol': 'AUDUSD', 'volume': 0.62, 'type': 1, 'price': 0.66137, 'deviation': 50, 'sl': 0.67718, 'magic': 160502, 'comment': 'python script open', 'type_time': 0, 'type_filling': 0}
2024-06-12 12:15:57 [INFO] utils.logger_config: Will check 160502 from 2024-06-11 12:15:57.461817 to 2024-06-12 12:15:57.461817
2024-06-12 12:15:57 [INFO] utils.logger_config: Not found order with this magic
2024-06-12 12:15:57 [INFO] utils.logger_config: Start create new signal SeasonalSignal
2024-06-12 12:15:57 [INFO] utils.logger_config: Signal SeasonalSignal was succsessfuly created
2024-06-12 12:15:57 [INFO] utils.logger_config: SeasonalSignal time: 2024-06-12 12:10:00
2024-06-12 12:15:57 [INFO] utils.logger_config: SeasonalSignal end time: 2024-06-12 12:50:00
2024-06-12 12:15:59 [INFO] utils.logger_config: Order was successfully send with ticket 1176258131. Order params:
 {'action': 1, 'symbol': 'AUDUSD', 'volume': 0.62, 'type': 1, 'price': 0.66139, 'deviation': 50, 'sl': 0.6772, 'magic': 160502, 'comment': 'python script open', 'type_time': 0, 'type_filling': 0}
2024-06-12 12:16:26 [INFO] utils.logger_config: Will check 160502 from 2024-05-28 12:16:26.292405 to 2024-06-12 12:16:26.292405
2024-06-12 12:16:26 [INFO] utils.logger_config: Not found order with this magic
2024-06-12 12:16:26 [INFO] utils.logger_config: Start create new signal SeasonalSignal
2024-06-12 12:16:26 [INFO] utils.logger_config: Signal SeasonalSignal was succsessfuly created
2024-06-12 12:16:26 [INFO] utils.logger_config: SeasonalSignal time: 2024-06-12 12:10:00
2024-06-12 12:16:26 [INFO] utils.logger_config: SeasonalSignal end time: 2024-06-12 12:50:00
2024-06-12 12:16:28 [INFO] utils.logger_config: Order was successfully send with ticket 1176258173. Order params:
 {'action': 1, 'symbol': 'AUDUSD', 'volume': 0.62, 'type': 1, 'price': 0.66136, 'deviation': 50, 'sl': 0.67717, 'magic': 160502, 'comment': 'python script open', 'type_time': 0, 'type_filling': 0}
2024-06-12 12:17:25 [INFO] utils.logger_config: Will check 160502 from 2024-05-28 12:17:25.586000 to 2024-06-12 12:17:25.586000
2024-06-12 12:17:25 [INFO] utils.logger_config: Not found order with this magic
2024-06-12 12:17:25 [INFO] utils.logger_config: Start create new signal SeasonalSignal
2024-06-12 12:17:25 [INFO] utils.logger_config: Signal SeasonalSignal was succsessfuly created
2024-06-12 12:17:25 [INFO] utils.logger_config: SeasonalSignal time: 2024-06-12 12:10:00
2024-06-12 12:17:25 [INFO] utils.logger_config: SeasonalSignal end time: 2024-06-12 12:50:00
2024-06-12 12:17:28 [INFO] utils.logger_config: Order was successfully send with ticket 1176258179. Order params:
 {'action': 1, 'symbol': 'AUDUSD', 'volume': 0.62, 'type': 1, 'price': 0.6614, 'deviation': 50, 'sl': 0.67721, 'magic': 160502, 'comment': 'python script open', 'type_time': 0, 'type_filling': 0}
2024-06-12 12:17:52 [INFO] utils.logger_config: Will check 160502 from 2024-05-28 12:17:52.041467 to 2024-06-12 12:17:52.041467
2024-06-12 12:17:52 [INFO] utils.logger_config: Not found order with this magic
2024-06-12 12:17:52 [INFO] utils.logger_config: Start create new signal SeasonalSignal
2024-06-12 12:17:52 [INFO] utils.logger_config: Signal SeasonalSignal was succsessfuly created
2024-06-12 12:17:52 [INFO] utils.logger_config: SeasonalSignal time: 2024-06-12 12:10:00
2024-06-12 12:17:52 [INFO] utils.logger_config: SeasonalSignal end time: 2024-06-12 12:50:00
2024-06-12 12:17:54 [INFO] utils.logger_config: Order was successfully send with ticket 1176258181. Order params:
 {'action': 1, 'symbol': 'AUDUSD', 'volume': 0.62, 'type': 1, 'price': 0.66137, 'deviation': 50, 'sl': 0.67718, 'magic': 160502, 'comment': 'python script open', 'type_time': 0, 'type_filling': 0}
2024-06-12 12:18:41 [INFO] utils.logger_config: Will check 160502 from 2024-05-28 12:18:41.141498 to 2024-06-12 12:18:41.141498
2024-06-12 12:18:41 [INFO] utils.logger_config: Not found order with this magic
2024-06-12 12:18:41 [INFO] utils.logger_config: Start create new signal SeasonalSignal
2024-06-12 12:18:41 [INFO] utils.logger_config: Signal SeasonalSignal was succsessfuly created
2024-06-12 12:18:41 [INFO] utils.logger_config: SeasonalSignal time: 2024-06-12 12:10:00
2024-06-12 12:18:41 [INFO] utils.logger_config: SeasonalSignal end time: 2024-06-12 12:50:00
2024-06-12 12:19:53 [INFO] utils.logger_config: Will check 160502 from 2024-05-28 12:19:53.484367 to 2024-06-12 12:19:53.484367
2024-06-12 12:20:21 [INFO] utils.logger_config: Will check 160502 from 2024-05-28 12:20:21.457142 to 2024-06-12 12:20:21.457142
2024-06-12 12:20:21 [INFO] utils.logger_config: Not found order with this magic
2024-06-12 12:20:21 [INFO] utils.logger_config: Start create new signal SeasonalSignal
2024-06-12 12:20:21 [INFO] utils.logger_config: Signal SeasonalSignal was succsessfuly created
2024-06-12 12:20:21 [INFO] utils.logger_config: SeasonalSignal time: 2024-06-12 12:10:00
2024-06-12 12:20:21 [INFO] utils.logger_config: SeasonalSignal end time: 2024-06-12 12:50:00
2024-06-12 12:20:23 [INFO] utils.logger_config: Order was successfully send with ticket 1176258222. Order params:
 {'action': 1, 'symbol': 'AUDUSD', 'volume': 0.62, 'type': 1, 'price': 0.6614, 'deviation': 50, 'sl': 0.67721, 'magic': 160502, 'comment': 'python script open', 'type_time': 0, 'type_filling': 0}
2024-06-12 12:20:53 [INFO] utils.logger_config: Will check 160502 from 2024-06-11 12:20:53.336069 to 2024-06-12 12:20:53.336069
2024-06-12 12:20:53 [INFO] utils.logger_config: Not found order with this magic
2024-06-12 12:20:53 [INFO] utils.logger_config: Start create new signal SeasonalSignal
2024-06-12 12:20:53 [INFO] utils.logger_config: Signal SeasonalSignal was succsessfuly created
2024-06-12 12:20:53 [INFO] utils.logger_config: SeasonalSignal time: 2024-06-12 12:10:00
2024-06-12 12:20:53 [INFO] utils.logger_config: SeasonalSignal end time: 2024-06-12 12:50:00
2024-06-12 12:20:55 [INFO] utils.logger_config: Order was successfully send with ticket 1176258272. Order params:
 {'action': 1, 'symbol': 'AUDUSD', 'volume': 0.62, 'type': 1, 'price': 0.66143, 'deviation': 50, 'sl': 0.67724, 'magic': 160502, 'comment': 'python script open', 'type_time': 0, 'type_filling': 0}
2024-06-12 12:21:43 [INFO] utils.logger_config: Will check 160502 from 2024-06-09 12:21:43.076161 to 2024-06-12 12:21:43.076161
2024-06-12 12:21:43 [INFO] utils.logger_config: Not found order with this magic
2024-06-12 12:21:43 [INFO] utils.logger_config: Start create new signal SeasonalSignal
2024-06-12 12:21:43 [INFO] utils.logger_config: Signal SeasonalSignal was succsessfuly created
2024-06-12 12:21:43 [INFO] utils.logger_config: SeasonalSignal time: 2024-06-12 12:10:00
2024-06-12 12:21:43 [INFO] utils.logger_config: SeasonalSignal end time: 2024-06-12 12:50:00
2024-06-12 12:21:45 [INFO] utils.logger_config: Order was successfully send with ticket 1176258316. Order params:
 {'action': 1, 'symbol': 'AUDUSD', 'volume': 0.62, 'type': 1, 'price': 0.66153, 'deviation': 50, 'sl': 0.67734, 'magic': 160502, 'comment': 'python script open', 'type_time': 0, 'type_filling': 0}
2024-06-12 12:31:00 [INFO] utils.logger_config: Will check 160502 from 2024-06-09 12:31:00.689458 to 2024-06-12 12:31:00.689458
2024-06-12 12:31:00 [INFO] utils.logger_config: Not found order with this magic
2024-06-12 12:31:00 [INFO] utils.logger_config: Start create new signal SeasonalSignal
2024-06-12 12:31:00 [INFO] utils.logger_config: Signal SeasonalSignal was succsessfuly created
2024-06-12 12:31:00 [INFO] utils.logger_config: SeasonalSignal time: 2024-06-12 12:10:00
2024-06-12 12:31:00 [INFO] utils.logger_config: SeasonalSignal end time: 2024-06-12 12:50:00
2024-06-12 12:31:26 [INFO] utils.logger_config: Will check 160502 from 2024-06-09 12:31:26.602715 to 2024-06-12 12:31:26.602715
2024-06-12 12:31:26 [INFO] utils.logger_config: Not found order with this magic
2024-06-12 12:31:26 [INFO] utils.logger_config: Start create new signal SeasonalSignal
2024-06-12 12:31:26 [INFO] utils.logger_config: Signal SeasonalSignal was succsessfuly created
2024-06-12 12:31:26 [INFO] utils.logger_config: SeasonalSignal time: 2024-06-12 12:10:00
2024-06-12 12:31:26 [INFO] utils.logger_config: SeasonalSignal end time: 2024-06-12 12:50:00
2024-06-12 12:31:51 [INFO] utils.logger_config: Will check 160502 from 2024-06-09 12:31:51.712328 to 2024-06-12 12:31:51.712328
2024-06-12 12:31:51 [INFO] utils.logger_config: Not found order with this magic
2024-06-12 12:31:51 [INFO] utils.logger_config: Start create new signal SeasonalSignal
2024-06-12 12:31:51 [INFO] utils.logger_config: Signal SeasonalSignal was succsessfuly created
2024-06-12 12:31:51 [INFO] utils.logger_config: SeasonalSignal time: 2024-06-12 12:10:00
2024-06-12 12:31:51 [INFO] utils.logger_config: SeasonalSignal end time: 2024-06-12 12:50:00
2024-06-12 12:31:54 [INFO] utils.logger_config: Order was successfully send with ticket 1176258660. Order params:
 {'action': 1, 'symbol': 'AUDUSD', 'volume': 0.62, 'type': 1, 'price': 0.66193, 'deviation': 50, 'sl': 0.67775, 'magic': 160502, 'comment': 'python script open', 'type_time': 0, 'type_filling': 0}
2024-06-12 12:52:01 [INFO] utils.logger_config: Will check 160502 from 2024-06-09 12:52:01.274813 to 2024-06-12 12:52:01.274813
2024-06-12 12:52:01 [INFO] utils.logger_config: Not found order with this magic
2024-06-12 12:52:01 [INFO] utils.logger_config: Start create new signal SeasonalSignal
2024-06-12 12:52:01 [INFO] utils.logger_config: Signal SeasonalSignal was succsessfuly created
2024-06-12 12:52:01 [INFO] utils.logger_config: SeasonalSignal time: 2024-06-12 12:10:00
2024-06-12 12:52:01 [INFO] utils.logger_config: SeasonalSignal end time: 2024-06-12 12:50:00
2024-06-12 12:52:03 [ERROR] utils.logger_config: An error has occurred when expert was trying open a position: 
Error number: 10027
Error description: Автотрейдинг запрещен клиентским терминалом

2024-06-12 12:52:06 [ERROR] utils.logger_config: An error has occurred when expert was trying open a position: 
Error number: 10027
Error description: Автотрейдинг запрещен клиентским терминалом

2024-06-12 12:52:09 [ERROR] utils.logger_config: An error has occurred when expert was trying open a position: 
Error number: 10027
Error description: Автотрейдинг запрещен клиентским терминалом

2024-06-12 12:52:12 [INFO] utils.logger_config: Order was successfully send with ticket 1176259553. Order params:
 {'action': 1, 'symbol': 'AUDUSD', 'volume': 0.32, 'type': 1, 'price': 0.66187, 'deviation': 50, 'sl': 0.67769, 'magic': 160502, 'comment': 'python script open', 'type_time': 0, 'type_filling': 0}
2024-06-12 12:52:14 [INFO] utils.logger_config: Order with ticket: 1176259553 was successfully closed
2024-06-12 12:52:42 [INFO] utils.logger_config: Will check 160502 from 2024-06-09 12:52:42.524130 to 2024-06-12 12:52:42.524130
2024-06-12 12:52:42 [INFO] utils.logger_config: Not found order with this magic
2024-06-12 12:52:42 [INFO] utils.logger_config: Start create new signal SeasonalSignal
2024-06-12 12:52:42 [INFO] utils.logger_config: Signal SeasonalSignal was succsessfuly created
2024-06-12 12:52:42 [INFO] utils.logger_config: SeasonalSignal time: 2024-06-12 12:10:00
2024-06-12 12:52:42 [INFO] utils.logger_config: SeasonalSignal end time: 2024-06-12 12:50:00
2024-06-12 12:52:44 [INFO] utils.logger_config: Order was successfully send with ticket 1176259560. Order params:
 {'action': 1, 'symbol': 'AUDUSD', 'volume': 0.32, 'type': 1, 'price': 0.66192, 'deviation': 50, 'sl': 0.67774, 'magic': 160502, 'comment': 'python script open', 'type_time': 0, 'type_filling': 0}
2024-06-12 12:52:45 [INFO] utils.logger_config: Order with ticket: 1176259560 was successfully closed
2024-06-12 12:53:37 [CRITICAL] utils.logger_config: An error occurred: cannot access local variable 'from_date' where it is not associated with a value
2024-06-12 12:53:37 [CRITICAL] utils.logger_config: An error occurred: cannot access local variable 'from_date' where it is not associated with a value
2024-06-12 12:53:38 [CRITICAL] utils.logger_config: An error occurred: cannot access local variable 'from_date' where it is not associated with a value
2024-06-12 12:53:39 [CRITICAL] utils.logger_config: An error occurred: cannot access local variable 'from_date' where it is not associated with a value
2024-06-12 12:53:40 [CRITICAL] utils.logger_config: An error occurred: cannot access local variable 'from_date' where it is not associated with a value
2024-06-12 12:53:49 [INFO] utils.logger_config: Will check 160502 from 2024-06-09 12:53:49.419405 to 2024-06-12 12:53:49.419405
2024-06-12 12:53:49 [INFO] utils.logger_config: Not found order with this magic
2024-06-12 12:53:49 [INFO] utils.logger_config: Start create new signal SeasonalSignal
2024-06-12 12:53:49 [INFO] utils.logger_config: Signal SeasonalSignal was succsessfuly created
2024-06-12 12:53:49 [INFO] utils.logger_config: SeasonalSignal time: 2024-06-12 12:10:00
2024-06-12 12:53:49 [INFO] utils.logger_config: SeasonalSignal end time: 2024-06-12 12:50:00
2024-06-12 12:53:51 [INFO] utils.logger_config: Order was successfully send with ticket 1176259571. Order params:
 {'action': 1, 'symbol': 'AUDUSD', 'volume': 0.32, 'type': 1, 'price': 0.66192, 'deviation': 50, 'sl': 0.67774, 'magic': 160502, 'comment': 'python script open', 'type_time': 0, 'type_filling': 0}
2024-06-12 12:53:52 [INFO] utils.logger_config: Order with ticket: 1176259571 was successfully closed
2024-06-12 12:59:07 [INFO] utils.logger_config: Will check 160502 from 2024-06-09 12:59:07.728441 to 2024-06-12 12:59:07.728441
2024-06-12 12:59:07 [INFO] utils.logger_config: Not found order with this magic
2024-06-12 12:59:07 [INFO] utils.logger_config: Start create new signal SeasonalSignal
2024-06-12 12:59:07 [INFO] utils.logger_config: Signal SeasonalSignal was succsessfuly created
2024-06-12 12:59:07 [INFO] utils.logger_config: SeasonalSignal time: 2024-06-12 12:10:00
2024-06-12 12:59:07 [INFO] utils.logger_config: SeasonalSignal end time: 2024-06-12 12:50:00
2024-06-12 12:59:10 [INFO] utils.logger_config: Order was successfully send with ticket 1176259797. Order params:
 {'action': 1, 'symbol': 'AUDUSD', 'volume': 0.32, 'type': 1, 'price': 0.66202, 'deviation': 50, 'sl': 0.67784, 'magic': 160502, 'comment': 'python script open', 'type_time': 0, 'type_filling': 0}
2024-06-12 12:59:10 [INFO] utils.logger_config: Order with ticket: 1176259797 was successfully closed
2024-06-12 12:59:27 [INFO] utils.logger_config: Will check 160502 from 2023-06-13 12:59:27.366107 to 2024-06-12 12:59:27.366107
2024-06-12 12:59:27 [INFO] utils.logger_config: Not found order with this magic
2024-06-12 12:59:27 [INFO] utils.logger_config: Start create new signal SeasonalSignal
2024-06-12 12:59:27 [INFO] utils.logger_config: Signal SeasonalSignal was succsessfuly created
2024-06-12 12:59:27 [INFO] utils.logger_config: SeasonalSignal time: 2024-06-12 12:10:00
2024-06-12 12:59:27 [INFO] utils.logger_config: SeasonalSignal end time: 2024-06-12 12:50:00
2024-06-12 12:59:29 [INFO] utils.logger_config: Order was successfully send with ticket 1176259806. Order params:
 {'action': 1, 'symbol': 'AUDUSD', 'volume': 0.32, 'type': 1, 'price': 0.66201, 'deviation': 50, 'sl': 0.67783, 'magic': 160502, 'comment': 'python script open', 'type_time': 0, 'type_filling': 0}
2024-06-12 12:59:30 [INFO] utils.logger_config: Order with ticket: 1176259806 was successfully closed
2024-06-12 12:59:55 [CRITICAL] utils.logger_config: An error occurred: function missing required argument 'month' (pos 2)
2024-06-12 12:59:55 [CRITICAL] utils.logger_config: An error occurred: function missing required argument 'month' (pos 2)
2024-06-12 12:59:56 [CRITICAL] utils.logger_config: An error occurred: function missing required argument 'month' (pos 2)
2024-06-12 12:59:57 [CRITICAL] utils.logger_config: An error occurred: function missing required argument 'month' (pos 2)
2024-06-12 12:59:58 [CRITICAL] utils.logger_config: An error occurred: function missing required argument 'month' (pos 2)
2024-06-12 12:59:59 [CRITICAL] utils.logger_config: An error occurred: function missing required argument 'month' (pos 2)
2024-06-12 13:00:22 [INFO] utils.logger_config: Will check 160502 from 2020-01-01 00:00:00 to 2024-06-12 13:00:22.113023
2024-06-12 13:00:22 [INFO] utils.logger_config: Not found order with this magic
2024-06-12 13:00:22 [INFO] utils.logger_config: Start create new signal SeasonalSignal
2024-06-12 13:00:22 [INFO] utils.logger_config: Signal SeasonalSignal was succsessfuly created
2024-06-12 13:00:22 [INFO] utils.logger_config: SeasonalSignal time: 2024-06-12 12:10:00
2024-06-12 13:00:22 [INFO] utils.logger_config: SeasonalSignal end time: 2024-06-12 12:50:00
2024-06-12 13:01:22 [INFO] utils.logger_config: Will check 160502 from 2020-01-01 00:00:00 to 2024-06-12 13:01:22.726037
2024-06-12 13:01:22 [INFO] utils.logger_config: Not found order with this magic
2024-06-12 13:01:22 [INFO] utils.logger_config: Start create new signal SeasonalSignal
2024-06-12 13:01:22 [INFO] utils.logger_config: Signal SeasonalSignal was succsessfuly created
2024-06-12 13:01:22 [INFO] utils.logger_config: SeasonalSignal time: 2024-06-12 12:10:00
2024-06-12 13:01:22 [INFO] utils.logger_config: SeasonalSignal end time: 2024-06-12 12:50:00
2024-06-12 13:01:39 [INFO] utils.logger_config: Will check 160502 from 2020-01-01 00:00:00 to 2024-06-12 13:01:39.455547
2024-06-12 13:01:39 [INFO] utils.logger_config: Not found order with this magic
2024-06-12 13:01:39 [INFO] utils.logger_config: Start create new signal SeasonalSignal
2024-06-12 13:01:39 [INFO] utils.logger_config: Signal SeasonalSignal was succsessfuly created
2024-06-12 13:01:39 [INFO] utils.logger_config: SeasonalSignal time: 2024-06-12 12:10:00
2024-06-12 13:01:39 [INFO] utils.logger_config: SeasonalSignal end time: 2024-06-12 12:50:00
2024-06-12 13:02:05 [CRITICAL] utils.logger_config: An error occurred: object of type 'NoneType' has no len()
2024-06-12 13:02:05 [CRITICAL] utils.logger_config: An error occurred: object of type 'NoneType' has no len()
2024-06-12 13:02:06 [CRITICAL] utils.logger_config: An error occurred: object of type 'NoneType' has no len()
2024-06-12 13:02:07 [CRITICAL] utils.logger_config: An error occurred: object of type 'NoneType' has no len()
2024-06-12 13:05:22 [INFO] utils.logger_config: Will check 160502 from 2024-05-13 13:05:22.264217 to 2024-06-12 13:05:22.264217
2024-06-12 13:05:22 [INFO] utils.logger_config: Not found order with this magic
2024-06-12 13:05:22 [INFO] utils.logger_config: Start create new signal SeasonalSignal
2024-06-12 13:05:22 [INFO] utils.logger_config: Signal SeasonalSignal was succsessfuly created
2024-06-12 13:05:22 [INFO] utils.logger_config: SeasonalSignal time: 2024-06-12 12:10:00
2024-06-12 13:05:22 [INFO] utils.logger_config: SeasonalSignal end time: 2024-06-12 12:50:00
2024-06-12 13:05:24 [INFO] utils.logger_config: Order was successfully send with ticket 1176260208. Order params:
 {'action': 1, 'symbol': 'AUDUSD', 'volume': 0.32, 'type': 1, 'price': 0.66188, 'deviation': 50, 'sl': 0.6777, 'magic': 160502, 'comment': 'python script open', 'type_time': 0, 'type_filling': 0}
2024-06-12 13:05:25 [INFO] utils.logger_config: Order with ticket: 1176260208 was successfully closed
2024-06-12 13:07:01 [INFO] utils.logger_config: Will check 160502 from 2024-05-13 13:07:01.344990 to 2024-06-12 13:07:01.344990
2024-06-12 13:07:01 [INFO] utils.logger_config: Not found order with this magic
2024-06-12 13:07:01 [INFO] utils.logger_config: Start create new signal SeasonalSignal
2024-06-12 13:07:01 [INFO] utils.logger_config: Signal SeasonalSignal was succsessfuly created
2024-06-12 13:07:01 [INFO] utils.logger_config: SeasonalSignal time: 2024-06-12 12:10:00
2024-06-12 13:07:01 [INFO] utils.logger_config: SeasonalSignal end time: 2024-06-12 12:50:00
2024-06-12 13:17:06 [INFO] utils.logger_config: Will check 160502 from 2023-06-13 13:17:06.066733 to 2024-06-12 13:17:06.066733
2024-06-12 13:17:06 [INFO] utils.logger_config: Will check 160502 from 2023-06-13 13:17:06.082205 to 2024-06-12 13:17:06.082205
2024-06-12 13:17:07 [INFO] utils.logger_config: Will check 160502 from 2023-06-13 13:17:07.084743 to 2024-06-12 13:17:07.084743
2024-06-12 13:17:08 [INFO] utils.logger_config: Will check 160502 from 2023-06-13 13:17:08.087926 to 2024-06-12 13:17:08.087926
2024-06-12 13:17:09 [INFO] utils.logger_config: Will check 160502 from 2023-06-13 13:17:09.092556 to 2024-06-12 13:17:09.093566
2024-06-12 13:17:10 [INFO] utils.logger_config: Will check 160502 from 2023-06-13 13:17:10.101797 to 2024-06-12 13:17:10.101797
2024-06-12 13:17:11 [INFO] utils.logger_config: Will check 160502 from 2023-06-13 13:17:11.105136 to 2024-06-12 13:17:11.105136
2024-06-12 13:17:12 [INFO] utils.logger_config: Will check 160502 from 2023-06-13 13:17:12.113110 to 2024-06-12 13:17:12.113110
2024-06-12 13:17:29 [INFO] utils.logger_config: Will check 160502 from 2023-06-13 13:17:29.324747 to 2024-06-12 13:17:29.324747
2024-06-12 13:17:29 [INFO] utils.logger_config: Will check 160502 from 2023-06-13 13:17:29.327385 to 2024-06-12 13:17:29.327385
2024-06-12 13:17:30 [INFO] utils.logger_config: Will check 160502 from 2023-06-13 13:17:30.333847 to 2024-06-12 13:17:30.333847
2024-06-12 13:17:31 [INFO] utils.logger_config: Will check 160502 from 2023-06-13 13:17:31.347859 to 2024-06-12 13:17:31.347859
2024-06-12 13:17:32 [INFO] utils.logger_config: Will check 160502 from 2023-06-13 13:17:32.355535 to 2024-06-12 13:17:32.355535
2024-06-12 13:17:33 [INFO] utils.logger_config: Will check 160502 from 2023-06-13 13:17:33.370812 to 2024-06-12 13:17:33.370812
2024-06-12 13:17:34 [INFO] utils.logger_config: Will check 160502 from 2023-06-13 13:17:34.372231 to 2024-06-12 13:17:34.372231
2024-06-12 13:17:35 [INFO] utils.logger_config: Will check 160502 from 2023-06-13 13:17:35.387496 to 2024-06-12 13:17:35.387496
2024-06-12 13:17:36 [INFO] utils.logger_config: Will check 160502 from 2023-06-13 13:17:36.388924 to 2024-06-12 13:17:36.388924
2024-06-12 13:17:37 [INFO] utils.logger_config: Will check 160502 from 2023-06-13 13:17:37.388983 to 2024-06-12 13:17:37.388983
2024-06-12 13:17:38 [INFO] utils.logger_config: Will check 160502 from 2023-06-13 13:17:38.405625 to 2024-06-12 13:17:38.405625
2024-06-12 13:17:39 [INFO] utils.logger_config: Will check 160502 from 2023-06-13 13:17:39.406263 to 2024-06-12 13:17:39.406263
2024-06-12 13:17:40 [INFO] utils.logger_config: Will check 160502 from 2023-06-13 13:17:40.420159 to 2024-06-12 13:17:40.420159
2024-06-12 13:17:41 [INFO] utils.logger_config: Will check 160502 from 2023-06-13 13:17:41.422031 to 2024-06-12 13:17:41.422031
2024-06-12 13:17:42 [INFO] utils.logger_config: Will check 160502 from 2023-06-13 13:17:42.435597 to 2024-06-12 13:17:42.435597
2024-06-12 13:17:43 [INFO] utils.logger_config: Will check 160502 from 2023-06-13 13:17:43.450856 to 2024-06-12 13:17:43.450856
2024-06-12 13:17:44 [INFO] utils.logger_config: Will check 160502 from 2023-06-13 13:17:44.450986 to 2024-06-12 13:17:44.450986
2024-06-12 13:17:45 [INFO] utils.logger_config: Will check 160502 from 2023-06-13 13:17:45.466425 to 2024-06-12 13:17:45.466425
2024-06-12 13:18:21 [INFO] utils.logger_config: Will check 180502 from 2023-06-13 13:18:21.908252 to 2024-06-12 13:18:21.908252
2024-06-12 13:18:21 [INFO] utils.logger_config: Not found order with this magic
2024-06-12 13:18:21 [INFO] utils.logger_config: Start create new signal SeasonalSignal
2024-06-12 13:18:21 [INFO] utils.logger_config: Signal SeasonalSignal was succsessfuly created
2024-06-12 13:18:21 [INFO] utils.logger_config: SeasonalSignal time: 2024-06-12 13:20:00
2024-06-12 13:18:21 [INFO] utils.logger_config: SeasonalSignal end time: 2024-06-12 13:30:00
2024-06-12 13:20:03 [INFO] utils.logger_config: Order was successfully send with ticket 1176260654. Order params:
 {'action': 1, 'symbol': 'AUDUSD', 'volume': 0.32, 'type': 1, 'price': 0.66203, 'deviation': 50, 'sl': 0.67785, 'magic': 180502, 'comment': 'python script open', 'type_time': 0, 'type_filling': 0}
2024-06-12 13:30:00 [INFO] utils.logger_config: Order with ticket: 1176260654 was successfully closed
2024-06-12 13:47:48 [INFO] utils.logger_config: Start create new signal SeasonalSignal
2024-06-12 13:47:48 [INFO] utils.logger_config: Signal SeasonalSignal was succsessfuly created
2024-06-12 13:47:48 [INFO] utils.logger_config: SeasonalSignal time: 2024-06-12 13:20:00
2024-06-12 13:47:48 [INFO] utils.logger_config: SeasonalSignal end time: 2024-06-12 13:30:00
2024-06-12 13:47:48 [INFO] utils.logger_config: Will check 180502 from 2023-06-13 13:47:48.715149 to 2024-06-12 13:47:48.715149
2024-06-12 13:49:27 [INFO] utils.logger_config: Start create new signal SeasonalSignal
2024-06-12 13:49:27 [INFO] utils.logger_config: Signal SeasonalSignal was succsessfuly created
2024-06-12 13:49:27 [INFO] utils.logger_config: SeasonalSignal time: 2024-06-12 13:50:00
2024-06-12 13:49:27 [INFO] utils.logger_config: SeasonalSignal end time: 2024-06-12 13:55:00
2024-06-12 13:49:27 [INFO] utils.logger_config: Will check 190502 from 2023-06-13 13:49:27.005515 to 2024-06-12 13:49:27.005515
2024-06-12 13:49:27 [INFO] utils.logger_config: Not found order with this magic
2024-06-12 13:50:02 [INFO] utils.logger_config: Order was successfully send with ticket 1176261709. Order params:
 {'action': 1, 'symbol': 'AUDUSD', 'volume': 0.32, 'type': 1, 'price': 0.66165, 'deviation': 50, 'sl': 0.67746, 'magic': 190502, 'comment': 'python script open', 'type_time': 0, 'type_filling': 0}
2024-06-12 13:50:13 [INFO] utils.logger_config: Start create new signal SeasonalSignal
2024-06-12 13:50:13 [INFO] utils.logger_config: Signal SeasonalSignal was succsessfuly created
2024-06-12 13:50:13 [INFO] utils.logger_config: SeasonalSignal time: 2024-06-12 13:50:00
2024-06-12 13:50:13 [INFO] utils.logger_config: SeasonalSignal end time: 2024-06-12 13:55:00
2024-06-12 13:55:00 [INFO] utils.logger_config: Order with ticket: 1176261709 was successfully closed
2024-06-12 17:07:18 [INFO] utils.logger_config: Start create new signal SeasonalSignal
2024-06-12 17:07:18 [INFO] utils.logger_config: Signal SeasonalSignal was succsessfuly created
2024-06-12 17:07:18 [INFO] utils.logger_config: SeasonalSignal time: 2024-06-12 13:50:00
2024-06-12 17:07:18 [INFO] utils.logger_config: SeasonalSignal end time: 2024-06-12 13:55:00
2024-06-12 17:07:18 [INFO] utils.logger_config: Will check 190503 from 2023-06-13 17:07:18.579830 to 2024-06-12 17:07:18.579830
2024-06-12 17:07:18 [INFO] utils.logger_config: Not found order with this magic
2024-06-12 17:08:03 [INFO] utils.logger_config: Start create new signal SeasonalSignal
2024-06-12 17:08:03 [INFO] utils.logger_config: Signal SeasonalSignal was succsessfuly created
2024-06-12 17:08:03 [INFO] utils.logger_config: SeasonalSignal time: 2024-06-12 13:50:00
2024-06-12 17:08:03 [INFO] utils.logger_config: SeasonalSignal end time: 2024-06-12 13:55:00
2024-06-12 17:08:03 [INFO] utils.logger_config: Will check 190504 from 2023-06-13 17:08:03.329281 to 2024-06-12 17:08:03.329281
2024-06-12 17:08:03 [INFO] utils.logger_config: Not found order with this magic
2024-06-12 17:08:05 [INFO] utils.logger_config: Order was successfully send with ticket 1176270851. Order params:
 {'action': 1, 'symbol': 'AUDUSD', 'volume': 0.32, 'type': 1, 'price': 0.66136, 'deviation': 50, 'sl': 0.67717, 'magic': 190504, 'comment': 'python script open', 'type_time': 0, 'type_filling': 0}
2024-06-12 17:08:06 [INFO] utils.logger_config: Order with ticket: 1176270851 was successfully closed
2024-06-12 18:28:07 [INFO] utils.logger_config: Start create new signal SeasonalSignal
2024-06-12 18:28:07 [INFO] utils.logger_config: Signal SeasonalSignal was succsessfuly created
2024-06-12 18:28:07 [INFO] utils.logger_config: SeasonalSignal time: 2024-06-12 13:50:00
2024-06-12 18:28:07 [INFO] utils.logger_config: SeasonalSignal end time: 2024-06-12 13:55:00
2024-06-12 18:28:07 [INFO] utils.logger_config: Will check 190505 from 2023-06-13 18:28:07.646054 to 2024-06-12 18:28:07.646054
2024-06-12 18:28:07 [INFO] utils.logger_config: Not found order with this magic
2024-06-12 18:28:10 [INFO] utils.logger_config: Order was successfully send with ticket 1176274389. Order params:
 {'action': 1, 'symbol': 'AUDUSD', 'volume': 0.32, 'type': 1, 'price': 0.66124, 'deviation': 50, 'sl': 0.67704, 'magic': 190505, 'comment': 'python script open', 'type_time': 0, 'type_filling': 0}
2024-06-12 18:28:10 [INFO] utils.logger_config: Order with ticket: 1176274389 was successfully closed
2024-06-12 18:29:00 [INFO] utils.logger_config: Start create new signal SeasonalSignal
2024-06-12 18:29:00 [INFO] utils.logger_config: Signal SeasonalSignal was succsessfuly created
2024-06-12 18:29:00 [INFO] utils.logger_config: SeasonalSignal time: 2024-06-12 13:50:00
2024-06-12 18:29:00 [INFO] utils.logger_config: SeasonalSignal end time: 2024-06-12 13:55:00
2024-06-12 18:29:00 [INFO] utils.logger_config: Will check 190506 from 2023-06-13 18:29:00.904932 to 2024-06-12 18:29:00.904932
2024-06-12 18:29:00 [INFO] utils.logger_config: Not found order with this magic
2024-06-12 18:29:04 [INFO] utils.logger_config: Order was successfully send with ticket 1176274417. Order params:
 {'action': 1, 'symbol': 'AUDUSD', 'volume': 0.32, 'type': 1, 'price': 0.66128, 'deviation': 50, 'sl': 0.67708, 'magic': 190506, 'comment': 'python script open', 'type_time': 0, 'type_filling': 0}
2024-06-12 18:29:04 [INFO] utils.logger_config: Order with ticket: 1176274417 was successfully closed
2024-06-12 18:30:39 [INFO] utils.logger_config: Start create new signal SeasonalSignal
2024-06-12 18:30:39 [INFO] utils.logger_config: Signal SeasonalSignal was succsessfuly created
2024-06-12 18:30:39 [INFO] utils.logger_config: SeasonalSignal time: 2025-06-12 13:50:00
2024-06-12 18:30:39 [INFO] utils.logger_config: SeasonalSignal end time: 2025-06-12 13:55:00
2024-06-12 18:30:39 [INFO] utils.logger_config: Will check 190507 from 2023-06-13 18:30:39.414383 to 2024-06-12 18:30:39.414383
2024-06-12 18:30:39 [INFO] utils.logger_config: Not found order with this magic
2024-06-12 18:31:12 [INFO] utils.logger_config: Start create new signal SeasonalSignal
2024-06-12 18:31:12 [INFO] utils.logger_config: Signal SeasonalSignal was succsessfuly created
2024-06-12 18:31:12 [INFO] utils.logger_config: SeasonalSignal time: 2024-06-12 18:33:00
2024-06-12 18:31:12 [INFO] utils.logger_config: SeasonalSignal end time: 2025-06-12 13:55:00
2024-06-12 18:31:12 [INFO] utils.logger_config: Will check 190508 from 2023-06-13 18:31:12.185638 to 2024-06-12 18:31:12.185638
2024-06-12 18:31:12 [INFO] utils.logger_config: Not found order with this magic
2024-06-12 18:33:02 [INFO] utils.logger_config: Order was successfully send with ticket 1176274652. Order params:
 {'action': 1, 'symbol': 'AUDUSD', 'volume': 0.32, 'type': 1, 'price': 0.66119, 'deviation': 50, 'sl': 0.67699, 'magic': 190508, 'comment': 'python script open', 'type_time': 0, 'type_filling': 0}
2024-06-12 18:44:20 [INFO] utils.logger_config: Start create new signal SeasonalSignal
2024-06-12 18:44:20 [INFO] utils.logger_config: Signal SeasonalSignal was succsessfuly created
2024-06-12 18:44:20 [INFO] utils.logger_config: SeasonalSignal time: 2025-06-12 18:33:00
2024-06-12 18:44:20 [INFO] utils.logger_config: SeasonalSignal end time: 2025-06-12 13:55:00
2024-06-12 18:44:33 [INFO] utils.logger_config: Start create new signal SeasonalSignal
2024-06-12 18:44:33 [INFO] utils.logger_config: Signal SeasonalSignal was succsessfuly created
2024-06-12 18:44:33 [INFO] utils.logger_config: SeasonalSignal time: 2025-06-12 18:33:00
2024-06-12 18:44:33 [INFO] utils.logger_config: SeasonalSignal end time: 2025-06-12 13:55:00
2024-06-12 18:44:33 [INFO] utils.logger_config: Will check 190509 from 2023-06-13 18:44:33.719953 to 2024-06-12 18:44:33.719953
2024-06-12 18:44:33 [INFO] utils.logger_config: Not found order with this magic
2024-06-12 18:45:22 [INFO] utils.logger_config: Start create new signal SeasonalSignal
2024-06-12 18:45:22 [INFO] utils.logger_config: Signal SeasonalSignal was succsessfuly created
2024-06-12 18:45:22 [INFO] utils.logger_config: SeasonalSignal time: 2025-06-12 18:33:00
2024-06-12 18:45:22 [INFO] utils.logger_config: SeasonalSignal end time: 2025-06-12 13:55:00
2024-06-12 18:45:22 [INFO] utils.logger_config: Will check 190509 from 2023-06-13 18:45:22.686725 to 2024-06-12 18:45:22.686725
2024-06-12 18:45:22 [INFO] utils.logger_config: Not found order with this magic
2024-06-12 18:45:45 [INFO] utils.logger_config: Start create new signal SeasonalSignal
2024-06-12 18:45:45 [INFO] utils.logger_config: Signal SeasonalSignal was succsessfuly created
2024-06-12 18:45:45 [INFO] utils.logger_config: SeasonalSignal time: 2025-06-12 18:33:00
2024-06-12 18:45:45 [INFO] utils.logger_config: SeasonalSignal end time: 2025-06-12 13:55:00
2024-06-12 18:45:45 [INFO] utils.logger_config: Will check 190509 from 2023-06-13 18:45:45.159211 to 2024-06-12 18:45:45.159211
2024-06-12 18:45:45 [INFO] utils.logger_config: Not found order with this magic
2024-06-12 18:47:03 [INFO] utils.logger_config: Start create new signal SeasonalSignal
2024-06-12 18:47:03 [INFO] utils.logger_config: Signal SeasonalSignal was succsessfuly created
2024-06-12 18:47:03 [INFO] utils.logger_config: SeasonalSignal time: 2025-06-12 18:33:00
2024-06-12 18:47:03 [INFO] utils.logger_config: SeasonalSignal end time: 2025-06-12 13:55:00
2024-06-12 18:47:03 [INFO] utils.logger_config: Will check 190509 from 2023-06-13 18:47:03.183040 to 2024-06-12 18:47:03.183040
2024-06-12 18:47:03 [INFO] utils.logger_config: Not found order with this magic
2024-06-12 18:47:27 [INFO] utils.logger_config: Start create new signal SeasonalSignal
2024-06-12 18:47:27 [INFO] utils.logger_config: Signal SeasonalSignal was succsessfuly created
2024-06-12 18:47:27 [INFO] utils.logger_config: SeasonalSignal time: 2024-06-12 18:48:00
2024-06-12 18:47:27 [INFO] utils.logger_config: SeasonalSignal end time: 2025-06-12 13:55:00
2024-06-12 18:47:27 [INFO] utils.logger_config: Will check 190509 from 2023-06-13 18:47:27.109298 to 2024-06-12 18:47:27.109298
2024-06-12 18:47:27 [INFO] utils.logger_config: Not found order with this magic
2024-06-12 18:48:02 [ERROR] utils.logger_config: An error has occurred when expert was trying open a position: 
Error number: 10027
Error description: Автотрейдинг запрещен клиентским терминалом

2024-06-12 18:48:05 [ERROR] utils.logger_config: An error has occurred when expert was trying open a position: 
Error number: 10027
Error description: Автотрейдинг запрещен клиентским терминалом

2024-06-12 18:48:08 [ERROR] utils.logger_config: An error has occurred when expert was trying open a position: 
Error number: 10027
Error description: Автотрейдинг запрещен клиентским терминалом

2024-06-12 18:48:11 [ERROR] utils.logger_config: An error has occurred when expert was trying open a position: 
Error number: 10027
Error description: Автотрейдинг запрещен клиентским терминалом

2024-06-12 18:48:14 [ERROR] utils.logger_config: An error has occurred when expert was trying open a position: 
Error number: 10027
Error description: Автотрейдинг запрещен клиентским терминалом

2024-06-12 18:48:17 [ERROR] utils.logger_config: An error has occurred when expert was trying open a position: 
Error number: 10027
Error description: Автотрейдинг запрещен клиентским терминалом

2024-06-12 18:48:20 [ERROR] utils.logger_config: An error has occurred when expert was trying open a position: 
Error number: 10027
Error description: Автотрейдинг запрещен клиентским терминалом

2024-06-12 18:48:23 [ERROR] utils.logger_config: An error has occurred when expert was trying open a position: 
Error number: 10027
Error description: Автотрейдинг запрещен клиентским терминалом

2024-06-12 18:48:26 [ERROR] utils.logger_config: An error has occurred when expert was trying open a position: 
Error number: 10027
Error description: Автотрейдинг запрещен клиентским терминалом

2024-06-12 18:48:29 [ERROR] utils.logger_config: An error has occurred when expert was trying open a position: 
Error number: 10027
Error description: Автотрейдинг запрещен клиентским терминалом

2024-06-12 18:48:32 [ERROR] utils.logger_config: An error has occurred when expert was trying open a position: 
Error number: 10027
Error description: Автотрейдинг запрещен клиентским терминалом

2024-06-12 18:48:35 [ERROR] utils.logger_config: An error has occurred when expert was trying open a position: 
Error number: 10027
Error description: Автотрейдинг запрещен клиентским терминалом

2024-06-12 18:49:21 [INFO] utils.logger_config: Start create new signal SeasonalSignal
2024-06-12 18:49:21 [INFO] utils.logger_config: Signal SeasonalSignal was succsessfuly created
2024-06-12 18:49:21 [INFO] utils.logger_config: SeasonalSignal time: 2025-06-12 18:48:00
2024-06-12 18:49:21 [INFO] utils.logger_config: SeasonalSignal end time: 2025-06-12 13:55:00
2024-06-12 18:49:21 [INFO] utils.logger_config: Will check 190509 from 2023-06-13 18:49:21.437675 to 2024-06-12 18:49:21.437675
2024-06-12 18:49:21 [INFO] utils.logger_config: Not found order with this magic
2024-06-12 18:49:38 [INFO] utils.logger_config: Start create new signal SeasonalSignal
2024-06-12 18:49:38 [INFO] utils.logger_config: Signal SeasonalSignal was succsessfuly created
2024-06-12 18:49:38 [INFO] utils.logger_config: SeasonalSignal time: 2024-06-12 18:50:00
2024-06-12 18:49:38 [INFO] utils.logger_config: SeasonalSignal end time: 2025-06-12 13:55:00
2024-06-12 18:49:38 [INFO] utils.logger_config: Will check 190509 from 2023-06-13 18:49:38.519765 to 2024-06-12 18:49:38.519765
2024-06-12 18:49:38 [INFO] utils.logger_config: Not found order with this magic
2024-06-12 18:50:46 [INFO] utils.logger_config: Start create new signal SeasonalSignal
2024-06-12 18:50:46 [INFO] utils.logger_config: Signal SeasonalSignal was succsessfuly created
2024-06-12 18:50:46 [INFO] utils.logger_config: SeasonalSignal time: 2025-06-12 18:50:00
2024-06-12 18:50:46 [INFO] utils.logger_config: SeasonalSignal end time: 2025-06-12 13:55:00
2024-06-12 18:50:46 [INFO] utils.logger_config: Will check 190510 from 2023-06-13 18:50:46.124148 to 2024-06-12 18:50:46.124148
2024-06-12 18:50:46 [INFO] utils.logger_config: Not found order with this magic
2024-06-12 18:50:57 [INFO] utils.logger_config: Start create new signal SeasonalSignal
2024-06-12 18:50:57 [INFO] utils.logger_config: Signal SeasonalSignal was succsessfuly created
2024-06-12 18:50:57 [INFO] utils.logger_config: SeasonalSignal time: 2024-06-12 18:51:00
2024-06-12 18:50:57 [INFO] utils.logger_config: SeasonalSignal end time: 2025-06-12 13:55:00
2024-06-12 18:50:57 [INFO] utils.logger_config: Will check 190510 from 2023-06-13 18:50:57.273589 to 2024-06-12 18:50:57.273589
2024-06-12 18:50:57 [INFO] utils.logger_config: Not found order with this magic
2024-06-12 18:52:59 [INFO] utils.logger_config: Start create new signal SeasonalSignal
2024-06-12 18:52:59 [INFO] utils.logger_config: Signal SeasonalSignal was succsessfuly created
2024-06-12 18:52:59 [INFO] utils.logger_config: SeasonalSignal time: 2024-06-12 18:53:00
2024-06-12 18:52:59 [INFO] utils.logger_config: SeasonalSignal end time: 2025-06-12 13:55:00
2024-06-12 18:52:59 [INFO] utils.logger_config: Will check 190511 from 2023-06-13 18:52:59.589582 to 2024-06-12 18:52:59.589582
2024-06-12 18:52:59 [INFO] utils.logger_config: Not found order with this magic
2024-06-12 18:53:02 [ERROR] utils.logger_config: An error has occurred when expert was trying open a position: 
Error number: 10027
Error description: Автотрейдинг запрещен клиентским терминалом

2024-06-12 18:53:05 [ERROR] utils.logger_config: An error has occurred when expert was trying open a position: 
Error number: 10027
Error description: Автотрейдинг запрещен клиентским терминалом

2024-06-12 18:53:08 [ERROR] utils.logger_config: An error has occurred when expert was trying open a position: 
Error number: 10027
Error description: Автотрейдинг запрещен клиентским терминалом

2024-06-12 18:53:11 [ERROR] utils.logger_config: An error has occurred when expert was trying open a position: 
Error number: 10027
Error description: Автотрейдинг запрещен клиентским терминалом

2024-06-12 18:53:14 [ERROR] utils.logger_config: An error has occurred when expert was trying open a position: 
Error number: 10027
Error description: Автотрейдинг запрещен клиентским терминалом

2024-06-12 18:53:17 [ERROR] utils.logger_config: An error has occurred when expert was trying open a position: 
Error number: 10027
Error description: Автотрейдинг запрещен клиентским терминалом

2024-06-12 18:53:20 [ERROR] utils.logger_config: An error has occurred when expert was trying open a position: 
Error number: 10027
Error description: Автотрейдинг запрещен клиентским терминалом

2024-06-12 18:53:23 [ERROR] utils.logger_config: An error has occurred when expert was trying open a position: 
Error number: 10027
Error description: Автотрейдинг запрещен клиентским терминалом

2024-06-12 18:53:26 [ERROR] utils.logger_config: An error has occurred when expert was trying open a position: 
Error number: 10027
Error description: Автотрейдинг запрещен клиентским терминалом

2024-06-12 18:53:29 [ERROR] utils.logger_config: An error has occurred when expert was trying open a position: 
Error number: 10027
Error description: Автотрейдинг запрещен клиентским терминалом

2024-06-12 18:53:32 [ERROR] utils.logger_config: An error has occurred when expert was trying open a position: 
Error number: 10027
Error description: Автотрейдинг запрещен клиентским терминалом

2024-06-12 18:53:35 [ERROR] utils.logger_config: An error has occurred when expert was trying open a position: 
Error number: 10027
Error description: Автотрейдинг запрещен клиентским терминалом

2024-06-12 18:53:38 [ERROR] utils.logger_config: An error has occurred when expert was trying open a position: 
Error number: 10027
Error description: Автотрейдинг запрещен клиентским терминалом

2024-06-12 18:53:41 [ERROR] utils.logger_config: An error has occurred when expert was trying open a position: 
Error number: 10027
Error description: Автотрейдинг запрещен клиентским терминалом

2024-06-12 18:53:44 [ERROR] utils.logger_config: An error has occurred when expert was trying open a position: 
Error number: 10027
Error description: Автотрейдинг запрещен клиентским терминалом

2024-06-12 18:53:47 [ERROR] utils.logger_config: An error has occurred when expert was trying open a position: 
Error number: 10027
Error description: Автотрейдинг запрещен клиентским терминалом

2024-06-12 18:53:50 [ERROR] utils.logger_config: An error has occurred when expert was trying open a position: 
Error number: 10027
Error description: Автотрейдинг запрещен клиентским терминалом

2024-06-12 18:53:53 [ERROR] utils.logger_config: An error has occurred when expert was trying open a position: 
Error number: 10027
Error description: Автотрейдинг запрещен клиентским терминалом

2024-06-12 18:53:56 [ERROR] utils.logger_config: An error has occurred when expert was trying open a position: 
Error number: 10027
Error description: Автотрейдинг запрещен клиентским терминалом

2024-06-12 18:53:59 [ERROR] utils.logger_config: An error has occurred when expert was trying open a position: 
Error number: 10027
Error description: Автотрейдинг запрещен клиентским терминалом

2024-06-12 18:54:02 [ERROR] utils.logger_config: An error has occurred when expert was trying open a position: 
Error number: 10027
Error description: Автотрейдинг запрещен клиентским терминалом

2024-06-12 18:54:05 [ERROR] utils.logger_config: An error has occurred when expert was trying open a position: 
Error number: 10027
Error description: Автотрейдинг запрещен клиентским терминалом

2024-06-12 18:54:08 [ERROR] utils.logger_config: An error has occurred when expert was trying open a position: 
Error number: 10027
Error description: Автотрейдинг запрещен клиентским терминалом

2024-06-12 18:54:12 [ERROR] utils.logger_config: An error has occurred when expert was trying open a position: 
Error number: 10027
Error description: Автотрейдинг запрещен клиентским терминалом

2024-06-12 18:54:15 [ERROR] utils.logger_config: An error has occurred when expert was trying open a position: 
Error number: 10027
Error description: Автотрейдинг запрещен клиентским терминалом

2024-06-12 18:54:18 [ERROR] utils.logger_config: An error has occurred when expert was trying open a position: 
Error number: 10027
Error description: Автотрейдинг запрещен клиентским терминалом

2024-06-12 18:54:21 [ERROR] utils.logger_config: An error has occurred when expert was trying open a position: 
Error number: 10027
Error description: Автотрейдинг запрещен клиентским терминалом

2024-06-12 18:54:24 [ERROR] utils.logger_config: An error has occurred when expert was trying open a position: 
Error number: 10027
Error description: Автотрейдинг запрещен клиентским терминалом

2024-06-12 18:54:27 [ERROR] utils.logger_config: An error has occurred when expert was trying open a position: 
Error number: 10027
Error description: Автотрейдинг запрещен клиентским терминалом

2024-06-12 18:54:30 [ERROR] utils.logger_config: An error has occurred when expert was trying open a position: 
Error number: 10027
Error description: Автотрейдинг запрещен клиентским терминалом

2024-06-12 18:54:33 [ERROR] utils.logger_config: An error has occurred when expert was trying open a position: 
Error number: 10027
Error description: Автотрейдинг запрещен клиентским терминалом

2024-06-12 18:54:36 [ERROR] utils.logger_config: An error has occurred when expert was trying open a position: 
Error number: 10027
Error description: Автотрейдинг запрещен клиентским терминалом

2024-06-12 18:54:39 [ERROR] utils.logger_config: An error has occurred when expert was trying open a position: 
Error number: 10027
Error description: Автотрейдинг запрещен клиентским терминалом

2024-06-12 18:54:42 [ERROR] utils.logger_config: An error has occurred when expert was trying open a position: 
Error number: 10027
Error description: Автотрейдинг запрещен клиентским терминалом

2024-06-12 18:54:45 [ERROR] utils.logger_config: An error has occurred when expert was trying open a position: 
Error number: 10027
Error description: Автотрейдинг запрещен клиентским терминалом

2024-06-12 18:54:48 [ERROR] utils.logger_config: An error has occurred when expert was trying open a position: 
Error number: 10027
Error description: Автотрейдинг запрещен клиентским терминалом

2024-06-12 18:54:51 [ERROR] utils.logger_config: An error has occurred when expert was trying open a position: 
Error number: 10027
Error description: Автотрейдинг запрещен клиентским терминалом

2024-06-12 18:54:54 [ERROR] utils.logger_config: An error has occurred when expert was trying open a position: 
Error number: 10027
Error description: Автотрейдинг запрещен клиентским терминалом

2024-06-12 18:54:57 [ERROR] utils.logger_config: An error has occurred when expert was trying open a position: 
Error number: 10027
Error description: Автотрейдинг запрещен клиентским терминалом

2024-06-12 18:55:00 [ERROR] utils.logger_config: An error has occurred when expert was trying open a position: 
Error number: 10027
Error description: Автотрейдинг запрещен клиентским терминалом

2024-06-12 18:55:03 [ERROR] utils.logger_config: An error has occurred when expert was trying open a position: 
Error number: 10027
Error description: Автотрейдинг запрещен клиентским терминалом

2024-06-12 18:55:06 [ERROR] utils.logger_config: An error has occurred when expert was trying open a position: 
Error number: 10027
Error description: Автотрейдинг запрещен клиентским терминалом

2024-06-12 18:55:09 [ERROR] utils.logger_config: An error has occurred when expert was trying open a position: 
Error number: 10027
Error description: Автотрейдинг запрещен клиентским терминалом

2024-06-12 18:55:12 [ERROR] utils.logger_config: An error has occurred when expert was trying open a position: 
Error number: 10027
Error description: Автотрейдинг запрещен клиентским терминалом

2024-06-12 18:55:15 [ERROR] utils.logger_config: An error has occurred when expert was trying open a position: 
Error number: 10027
Error description: Автотрейдинг запрещен клиентским терминалом

2024-06-12 18:55:18 [ERROR] utils.logger_config: An error has occurred when expert was trying open a position: 
Error number: 10027
Error description: Автотрейдинг запрещен клиентским терминалом

2024-06-12 18:55:21 [ERROR] utils.logger_config: An error has occurred when expert was trying open a position: 
Error number: 10027
Error description: Автотрейдинг запрещен клиентским терминалом

2024-06-12 18:55:43 [INFO] utils.logger_config: Start create new signal SeasonalSignal
2024-06-12 18:55:43 [INFO] utils.logger_config: Signal SeasonalSignal was succsessfuly created
2024-06-12 18:55:43 [INFO] utils.logger_config: SeasonalSignal time: 2024-06-12 18:56:00
2024-06-12 18:55:43 [INFO] utils.logger_config: SeasonalSignal end time: 2025-06-12 13:55:00
2024-06-12 18:55:43 [INFO] utils.logger_config: Will check 190512 from 2023-06-13 18:55:43.712457 to 2024-06-12 18:55:43.712457
2024-06-12 18:55:43 [INFO] utils.logger_config: Not found order with this magic
2024-06-12 18:56:02 [ERROR] utils.logger_config: An error has occurred when expert was trying open a position: 
Error number: 10027
Error description: Автотрейдинг запрещен клиентским терминалом

2024-06-12 18:56:05 [ERROR] utils.logger_config: An error has occurred when expert was trying open a position: 
Error number: 10027
Error description: Автотрейдинг запрещен клиентским терминалом

2024-06-12 18:56:08 [ERROR] utils.logger_config: An error has occurred when expert was trying open a position: 
Error number: 10027
Error description: Автотрейдинг запрещен клиентским терминалом

2024-06-12 18:56:11 [ERROR] utils.logger_config: An error has occurred when expert was trying open a position: 
Error number: 10027
Error description: Автотрейдинг запрещен клиентским терминалом

2024-06-12 18:56:14 [ERROR] utils.logger_config: An error has occurred when expert was trying open a position: 
Error number: 10027
Error description: Автотрейдинг запрещен клиентским терминалом

2024-06-12 18:56:18 [ERROR] utils.logger_config: An error has occurred when expert was trying open a position: 
Error number: 10027
Error description: Автотрейдинг запрещен клиентским терминалом

2024-06-12 18:56:21 [ERROR] utils.logger_config: An error has occurred when expert was trying open a position: 
Error number: 10027
Error description: Автотрейдинг запрещен клиентским терминалом

2024-06-12 18:56:24 [ERROR] utils.logger_config: An error has occurred when expert was trying open a position: 
Error number: 10027
Error description: Автотрейдинг запрещен клиентским терминалом

2024-06-12 18:56:27 [ERROR] utils.logger_config: An error has occurred when expert was trying open a position: 
Error number: 10027
Error description: Автотрейдинг запрещен клиентским терминалом

2024-06-12 18:56:30 [ERROR] utils.logger_config: An error has occurred when expert was trying open a position: 
Error number: 10027
Error description: Автотрейдинг запрещен клиентским терминалом

2024-06-12 18:56:33 [ERROR] utils.logger_config: An error has occurred when expert was trying open a position: 
Error number: 10027
Error description: Автотрейдинг запрещен клиентским терминалом

2024-06-12 18:56:36 [ERROR] utils.logger_config: An error has occurred when expert was trying open a position: 
Error number: 10027
Error description: Автотрейдинг запрещен клиентским терминалом

2024-06-12 18:56:39 [ERROR] utils.logger_config: An error has occurred when expert was trying open a position: 
Error number: 10027
Error description: Автотрейдинг запрещен клиентским терминалом

2024-06-12 18:56:42 [ERROR] utils.logger_config: An error has occurred when expert was trying open a position: 
Error number: 10027
Error description: Автотрейдинг запрещен клиентским терминалом

2024-06-12 18:56:45 [ERROR] utils.logger_config: An error has occurred when expert was trying open a position: 
Error number: 10027
Error description: Автотрейдинг запрещен клиентским терминалом

2024-06-12 18:56:48 [ERROR] utils.logger_config: An error has occurred when expert was trying open a position: 
Error number: 10027
Error description: Автотрейдинг запрещен клиентским терминалом

2024-06-12 18:56:51 [ERROR] utils.logger_config: An error has occurred when expert was trying open a position: 
Error number: 10027
Error description: Автотрейдинг запрещен клиентским терминалом

2024-06-12 18:56:54 [ERROR] utils.logger_config: An error has occurred when expert was trying open a position: 
Error number: 10027
Error description: Автотрейдинг запрещен клиентским терминалом

2024-06-12 18:56:57 [ERROR] utils.logger_config: An error has occurred when expert was trying open a position: 
Error number: 10027
Error description: Автотрейдинг запрещен клиентским терминалом

2024-06-12 18:57:00 [ERROR] utils.logger_config: An error has occurred when expert was trying open a position: 
Error number: 10027
Error description: Автотрейдинг запрещен клиентским терминалом

2024-06-12 18:57:03 [ERROR] utils.logger_config: An error has occurred when expert was trying open a position: 
Error number: 10027
Error description: Автотрейдинг запрещен клиентским терминалом

2024-06-12 18:57:06 [ERROR] utils.logger_config: An error has occurred when expert was trying open a position: 
Error number: 10027
Error description: Автотрейдинг запрещен клиентским терминалом

2024-06-12 18:57:09 [ERROR] utils.logger_config: An error has occurred when expert was trying open a position: 
Error number: 10027
Error description: Автотрейдинг запрещен клиентским терминалом

2024-06-12 18:57:12 [ERROR] utils.logger_config: An error has occurred when expert was trying open a position: 
Error number: 10027
Error description: Автотрейдинг запрещен клиентским терминалом

2024-06-12 18:57:15 [ERROR] utils.logger_config: An error has occurred when expert was trying open a position: 
Error number: 10027
Error description: Автотрейдинг запрещен клиентским терминалом

2024-06-12 18:57:18 [ERROR] utils.logger_config: An error has occurred when expert was trying open a position: 
Error number: 10027
Error description: Автотрейдинг запрещен клиентским терминалом

2024-06-12 18:57:21 [ERROR] utils.logger_config: An error has occurred when expert was trying open a position: 
Error number: 10027
Error description: Автотрейдинг запрещен клиентским терминалом

2024-06-12 18:57:24 [ERROR] utils.logger_config: An error has occurred when expert was trying open a position: 
Error number: 10027
Error description: Автотрейдинг запрещен клиентским терминалом

2024-06-12 18:57:27 [ERROR] utils.logger_config: An error has occurred when expert was trying open a position: 
Error number: 10027
Error description: Автотрейдинг запрещен клиентским терминалом

2024-06-12 18:57:30 [ERROR] utils.logger_config: An error has occurred when expert was trying open a position: 
Error number: 10027
Error description: Автотрейдинг запрещен клиентским терминалом

2024-06-12 18:57:33 [ERROR] utils.logger_config: An error has occurred when expert was trying open a position: 
Error number: 10027
Error description: Автотрейдинг запрещен клиентским терминалом

2024-06-12 18:57:36 [ERROR] utils.logger_config: An error has occurred when expert was trying open a position: 
Error number: 10027
Error description: Автотрейдинг запрещен клиентским терминалом

2024-06-12 18:57:39 [ERROR] utils.logger_config: An error has occurred when expert was trying open a position: 
Error number: 10027
Error description: Автотрейдинг запрещен клиентским терминалом

2024-06-12 18:57:42 [ERROR] utils.logger_config: An error has occurred when expert was trying open a position: 
Error number: 10027
Error description: Автотрейдинг запрещен клиентским терминалом

2024-06-12 18:57:45 [ERROR] utils.logger_config: An error has occurred when expert was trying open a position: 
Error number: 10027
Error description: Автотрейдинг запрещен клиентским терминалом

2024-06-12 18:57:57 [INFO] utils.logger_config: Start create new signal SeasonalSignal
2024-06-12 18:57:57 [INFO] utils.logger_config: Signal SeasonalSignal was succsessfuly created
2024-06-12 18:57:57 [INFO] utils.logger_config: SeasonalSignal time: 2024-06-12 18:58:00
2024-06-12 18:57:57 [INFO] utils.logger_config: SeasonalSignal end time: 2025-06-12 13:55:00
2024-06-12 18:57:57 [INFO] utils.logger_config: Will check 190513 from 2023-06-13 18:57:57.504967 to 2024-06-12 18:57:57.504967
2024-06-12 18:57:57 [INFO] utils.logger_config: Not found order with this magic
2024-06-12 18:58:02 [ERROR] utils.logger_config: An error has occurred when expert was trying open a position: 
Error number: 10027
Error description: Автотрейдинг запрещен клиентским терминалом

2024-06-12 18:58:05 [ERROR] utils.logger_config: An error has occurred when expert was trying open a position: 
Error number: 10027
Error description: Автотрейдинг запрещен клиентским терминалом

2024-06-12 18:58:08 [ERROR] utils.logger_config: An error has occurred when expert was trying open a position: 
Error number: 10027
Error description: Автотрейдинг запрещен клиентским терминалом

2024-06-12 18:58:11 [ERROR] utils.logger_config: An error has occurred when expert was trying open a position: 
Error number: 10027
Error description: Автотрейдинг запрещен клиентским терминалом

2024-06-12 18:58:14 [ERROR] utils.logger_config: An error has occurred when expert was trying open a position: 
Error number: 10027
Error description: Автотрейдинг запрещен клиентским терминалом

2024-06-12 18:58:17 [ERROR] utils.logger_config: An error has occurred when expert was trying open a position: 
Error number: 10027
Error description: Автотрейдинг запрещен клиентским терминалом

2024-06-12 18:58:20 [ERROR] utils.logger_config: An error has occurred when expert was trying open a position: 
Error number: 10027
Error description: Автотрейдинг запрещен клиентским терминалом

2024-06-12 18:58:23 [ERROR] utils.logger_config: An error has occurred when expert was trying open a position: 
Error number: 10027
Error description: Автотрейдинг запрещен клиентским терминалом

2024-06-12 18:58:26 [ERROR] utils.logger_config: An error has occurred when expert was trying open a position: 
Error number: 10027
Error description: Автотрейдинг запрещен клиентским терминалом

2024-06-12 18:58:29 [ERROR] utils.logger_config: An error has occurred when expert was trying open a position: 
Error number: 10027
Error description: Автотрейдинг запрещен клиентским терминалом

2024-06-12 18:58:32 [ERROR] utils.logger_config: An error has occurred when expert was trying open a position: 
Error number: 10027
Error description: Автотрейдинг запрещен клиентским терминалом

2024-06-12 18:58:35 [ERROR] utils.logger_config: An error has occurred when expert was trying open a position: 
Error number: 10027
Error description: Автотрейдинг запрещен клиентским терминалом

2024-06-12 18:58:38 [ERROR] utils.logger_config: An error has occurred when expert was trying open a position: 
Error number: 10027
Error description: Автотрейдинг запрещен клиентским терминалом

2024-06-12 18:58:41 [ERROR] utils.logger_config: An error has occurred when expert was trying open a position: 
Error number: 10027
Error description: Автотрейдинг запрещен клиентским терминалом

2024-06-12 18:58:44 [ERROR] utils.logger_config: An error has occurred when expert was trying open a position: 
Error number: 10027
Error description: Автотрейдинг запрещен клиентским терминалом

2024-06-12 18:58:47 [ERROR] utils.logger_config: An error has occurred when expert was trying open a position: 
Error number: 10027
Error description: Автотрейдинг запрещен клиентским терминалом

2024-06-12 18:58:50 [ERROR] utils.logger_config: An error has occurred when expert was trying open a position: 
Error number: 10027
Error description: Автотрейдинг запрещен клиентским терминалом

2024-06-12 18:58:53 [ERROR] utils.logger_config: An error has occurred when expert was trying open a position: 
Error number: 10027
Error description: Автотрейдинг запрещен клиентским терминалом

2024-06-12 18:58:56 [ERROR] utils.logger_config: An error has occurred when expert was trying open a position: 
Error number: 10027
Error description: Автотрейдинг запрещен клиентским терминалом

2024-06-12 18:58:59 [ERROR] utils.logger_config: An error has occurred when expert was trying open a position: 
Error number: 10027
Error description: Автотрейдинг запрещен клиентским терминалом

2024-06-12 18:59:02 [ERROR] utils.logger_config: An error has occurred when expert was trying open a position: 
Error number: 10027
Error description: Автотрейдинг запрещен клиентским терминалом

2024-06-12 18:59:05 [ERROR] utils.logger_config: An error has occurred when expert was trying open a position: 
Error number: 10027
Error description: Автотрейдинг запрещен клиентским терминалом

2024-06-12 18:59:08 [ERROR] utils.logger_config: An error has occurred when expert was trying open a position: 
Error number: 10027
Error description: Автотрейдинг запрещен клиентским терминалом

2024-06-12 18:59:11 [ERROR] utils.logger_config: An error has occurred when expert was trying open a position: 
Error number: 10027
Error description: Автотрейдинг запрещен клиентским терминалом

2024-06-12 18:59:14 [ERROR] utils.logger_config: An error has occurred when expert was trying open a position: 
Error number: 10027
Error description: Автотрейдинг запрещен клиентским терминалом

2024-06-12 18:59:17 [ERROR] utils.logger_config: An error has occurred when expert was trying open a position: 
Error number: 10027
Error description: Автотрейдинг запрещен клиентским терминалом

2024-06-12 18:59:20 [ERROR] utils.logger_config: An error has occurred when expert was trying open a position: 
Error number: 10027
Error description: Автотрейдинг запрещен клиентским терминалом

2024-06-12 18:59:23 [ERROR] utils.logger_config: An error has occurred when expert was trying open a position: 
Error number: 10027
Error description: Автотрейдинг запрещен клиентским терминалом

2024-06-12 18:59:26 [ERROR] utils.logger_config: An error has occurred when expert was trying open a position: 
Error number: 10027
Error description: Автотрейдинг запрещен клиентским терминалом

2024-06-12 18:59:29 [ERROR] utils.logger_config: An error has occurred when expert was trying open a position: 
Error number: 10027
Error description: Автотрейдинг запрещен клиентским терминалом

2024-06-12 18:59:44 [INFO] utils.logger_config: Start create new signal SeasonalSignal
2024-06-12 18:59:44 [INFO] utils.logger_config: Signal SeasonalSignal was succsessfuly created
2024-06-12 18:59:44 [INFO] utils.logger_config: SeasonalSignal time: 2024-06-12 19:00:00
2024-06-12 18:59:44 [INFO] utils.logger_config: SeasonalSignal end time: 2025-06-12 13:55:00
2024-06-12 18:59:44 [INFO] utils.logger_config: Will check 190514 from 2023-06-13 18:59:44.743114 to 2024-06-12 18:59:44.743114
2024-06-12 18:59:44 [INFO] utils.logger_config: Not found order with this magic
2024-06-12 19:00:02 [ERROR] utils.logger_config: An error has occurred when expert was trying open a position: 
Error number: 10027
Error description: Автотрейдинг запрещен клиентским терминалом

2024-06-12 19:01:21 [INFO] utils.logger_config: Order was successfully send with ticket 1176275930. Order params:
 {'action': 1, 'symbol': 'AUDUSD', 'volume': 0.32, 'type': 1, 'price': 0.66121, 'deviation': 50, 'sl': 0.67701, 'magic': 190514, 'comment': 'python script open', 'type_time': 0, 'type_filling': 0}
